<?xml version="1.0" encoding="utf-8"?>
<CoverageSession>
  <Summary numSequencePoints="288" visitedSequencePoints="54" numBranchPoints="36" visitedBranchPoints="4" sequenceCoverage="18.75" branchCoverage="11.11" maxCyclomaticComplexity="44" minCyclomaticComplexity="40" visitedClasses="5" numClasses="19" visitedMethods="14" numMethods="60" />
  <Modules>
    <Module hash="82596024-7AB8-4B30-8E7E-684DBDAB2AF6">
      <ModulePath>TestingAndCalibrationLabs.Business.dll</ModulePath>
      <ModuleTime>2022-04-01T04:28:05</ModuleTime>
      <ModuleName>TestingAndCalibrationLabs.Business</ModuleName>
      <Files>
        <File uid="1" fullPath="C:\sss\TestingAndCalibrationLabs\TestingAndCalibrationLabs\TestingAndCalibrationLabs.Business\Services\Sample\SampleService.cs" />
        <File uid="2" fullPath="C:\sss\TestingAndCalibrationLabs\TestingAndCalibrationLabs\TestingAndCalibrationLabs.Business\Infrastructure\ConnectionFactory.cs" />
        <File uid="3" fullPath="C:\sss\TestingAndCalibrationLabs\TestingAndCalibrationLabs\TestingAndCalibrationLabs.Business\Data\Repository\Sample\SampleRepository.cs" />
        <File uid="4" fullPath="C:\sss\TestingAndCalibrationLabs\TestingAndCalibrationLabs\TestingAndCalibrationLabs.Business\Core\Model\Entity.cs" />
        <File uid="5" fullPath="C:\sss\TestingAndCalibrationLabs\TestingAndCalibrationLabs\TestingAndCalibrationLabs.Business\Core\Model\Sample\SampleModel.cs" />
        <File uid="6" fullPath="C:\sss\TestingAndCalibrationLabs\TestingAndCalibrationLabs\TestingAndCalibrationLabs.Business\Common\CollectionExtensionMethods.cs" />
        <File uid="7" fullPath="C:\sss\TestingAndCalibrationLabs\TestingAndCalibrationLabs\TestingAndCalibrationLabs.Business\Common\GenericUtils.cs" />
        <File uid="8" fullPath="C:\sss\TestingAndCalibrationLabs\TestingAndCalibrationLabs\TestingAndCalibrationLabs.Business\Common\RequestResult.cs" />
        <File uid="9" fullPath="C:\sss\TestingAndCalibrationLabs\TestingAndCalibrationLabs\TestingAndCalibrationLabs.Business\Common\ResultBase.cs" />
        <File uid="10" fullPath="C:\sss\TestingAndCalibrationLabs\TestingAndCalibrationLabs\TestingAndCalibrationLabs.Business\Common\ReturnResultExtensions.cs" />
        <File uid="11" fullPath="C:\sss\TestingAndCalibrationLabs\TestingAndCalibrationLabs\TestingAndCalibrationLabs.Business\Common\ValidationMessage.cs" />
      </Files>
      <Classes>
        <Class>
          <Summary numSequencePoints="26" visitedSequencePoints="10" numBranchPoints="0" visitedBranchPoints="0" sequenceCoverage="38.46" branchCoverage="100" maxCyclomaticComplexity="1" minCyclomaticComplexity="1" visitedClasses="1" numClasses="1" visitedMethods="3" numMethods="7" />
          <FullName>TestingAndCalibrationLabs.Business.Services.SampleService</FullName>
          <Methods>
            <Method cyclomaticComplexity="1" nPathComplexity="1" sequenceCoverage="0" branchCoverage="100" isConstructor="False" isGetter="False" isSetter="False" isStatic="True">
              <Summary numSequencePoints="4" visitedSequencePoints="0" numBranchPoints="0" visitedBranchPoints="0" sequenceCoverage="0" branchCoverage="100" maxCyclomaticComplexity="1" minCyclomaticComplexity="1" visitedClasses="0" numClasses="0" visitedMethods="0" numMethods="1" />
              <MetadataToken />
              <Name>TestingAndCalibrationLabs.Business.Common.RequestResult`1&lt;System.Int32&gt; TestingAndCalibrationLabs.Business.Services.SampleService::Add(TestingAndCalibrationLabs.Business.Core.Model.SampleModel)</Name>
              <FileRef uid="1" />
              <SequencePoints>
                <SequencePoint vc="0" uspid="25" ordinal="0" sl="25" sc="1" el="25" ec="2" bec="0" bev="0" fileid="1" />
                <SequencePoint vc="0" uspid="26" ordinal="1" sl="26" sc="1" el="26" ec="2" bec="0" bev="0" fileid="1" />
                <SequencePoint vc="0" uspid="27" ordinal="2" sl="27" sc="1" el="27" ec="2" bec="0" bev="0" fileid="1" />
                <SequencePoint vc="0" uspid="28" ordinal="3" sl="28" sc="1" el="28" ec="2" bec="0" bev="0" fileid="1" />
              </SequencePoints>
              <BranchPoints />
              <MethodPoint vc="0" uspid="0" p8:type="SequencePoint" ordinal="0" offset="0" sc="0" sl="25" ec="1" el="28" bec="0" bev="0" fileid="1" xmlns:p8="xsi" />
            </Method>
            <Method cyclomaticComplexity="1" nPathComplexity="1" sequenceCoverage="0" branchCoverage="100" isConstructor="False" isGetter="False" isSetter="False" isStatic="True">
              <Summary numSequencePoints="4" visitedSequencePoints="0" numBranchPoints="0" visitedBranchPoints="0" sequenceCoverage="0" branchCoverage="100" maxCyclomaticComplexity="1" minCyclomaticComplexity="1" visitedClasses="0" numClasses="0" visitedMethods="0" numMethods="1" />
              <MetadataToken />
              <Name>TestingAndCalibrationLabs.Business.Common.RequestResult`1&lt;System.Int32&gt; TestingAndCalibrationLabs.Business.Services.SampleService::AddCollection(System.Collections.Generic.List`1&lt;TestingAndCalibrationLabs.Business.Core.Model.SampleModel&gt;)</Name>
              <FileRef uid="1" />
              <SequencePoints>
                <SequencePoint vc="0" uspid="30" ordinal="0" sl="30" sc="1" el="30" ec="2" bec="0" bev="0" fileid="1" />
                <SequencePoint vc="0" uspid="31" ordinal="1" sl="31" sc="1" el="31" ec="2" bec="0" bev="0" fileid="1" />
                <SequencePoint vc="0" uspid="32" ordinal="2" sl="32" sc="1" el="32" ec="2" bec="0" bev="0" fileid="1" />
                <SequencePoint vc="0" uspid="33" ordinal="3" sl="33" sc="1" el="33" ec="2" bec="0" bev="0" fileid="1" />
              </SequencePoints>
              <BranchPoints />
              <MethodPoint vc="0" uspid="0" p8:type="SequencePoint" ordinal="1" offset="1" sc="0" sl="30" ec="1" el="33" bec="0" bev="0" fileid="1" xmlns:p8="xsi" />
            </Method>
            <Method cyclomaticComplexity="1" nPathComplexity="1" sequenceCoverage="0" branchCoverage="100" isConstructor="False" isGetter="False" isSetter="False" isStatic="True">
              <Summary numSequencePoints="4" visitedSequencePoints="0" numBranchPoints="0" visitedBranchPoints="0" sequenceCoverage="0" branchCoverage="100" maxCyclomaticComplexity="1" minCyclomaticComplexity="1" visitedClasses="0" numClasses="0" visitedMethods="0" numMethods="1" />
              <MetadataToken />
              <Name>System.Boolean TestingAndCalibrationLabs.Business.Services.SampleService::Delete(System.Int32)</Name>
              <FileRef uid="1" />
              <SequencePoints>
                <SequencePoint vc="0" uspid="35" ordinal="0" sl="35" sc="1" el="35" ec="2" bec="0" bev="0" fileid="1" />
                <SequencePoint vc="0" uspid="36" ordinal="1" sl="36" sc="1" el="36" ec="2" bec="0" bev="0" fileid="1" />
                <SequencePoint vc="0" uspid="37" ordinal="2" sl="37" sc="1" el="37" ec="2" bec="0" bev="0" fileid="1" />
                <SequencePoint vc="0" uspid="38" ordinal="3" sl="38" sc="1" el="38" ec="2" bec="0" bev="0" fileid="1" />
              </SequencePoints>
              <BranchPoints />
              <MethodPoint vc="0" uspid="0" p8:type="SequencePoint" ordinal="2" offset="2" sc="0" sl="35" ec="1" el="38" bec="0" bev="0" fileid="1" xmlns:p8="xsi" />
            </Method>
            <Method cyclomaticComplexity="1" nPathComplexity="1" sequenceCoverage="100" branchCoverage="100" isConstructor="False" isGetter="False" isSetter="False" isStatic="True">
              <Summary numSequencePoints="3" visitedSequencePoints="3" numBranchPoints="0" visitedBranchPoints="0" sequenceCoverage="100" branchCoverage="100" maxCyclomaticComplexity="1" minCyclomaticComplexity="1" visitedClasses="0" numClasses="0" visitedMethods="1" numMethods="1" />
              <MetadataToken />
              <Name>System.Collections.Generic.List`1&lt;TestingAndCalibrationLabs.Business.Core.Model.SampleModel&gt; TestingAndCalibrationLabs.Business.Services.SampleService::Get()</Name>
              <FileRef uid="1" />
              <SequencePoints>
                <SequencePoint vc="1" uspid="40" ordinal="0" sl="40" sc="1" el="40" ec="2" bec="0" bev="0" fileid="1" />
                <SequencePoint vc="1" uspid="41" ordinal="1" sl="41" sc="1" el="41" ec="2" bec="0" bev="0" fileid="1" />
                <SequencePoint vc="1" uspid="42" ordinal="2" sl="42" sc="1" el="42" ec="2" bec="0" bev="0" fileid="1" />
              </SequencePoints>
              <BranchPoints />
              <MethodPoint vc="3" uspid="0" p8:type="SequencePoint" ordinal="3" offset="3" sc="0" sl="40" ec="1" el="42" bec="0" bev="0" fileid="1" xmlns:p8="xsi" />
            </Method>
            <Method cyclomaticComplexity="1" nPathComplexity="1" sequenceCoverage="100" branchCoverage="100" isConstructor="False" isGetter="False" isSetter="False" isStatic="True">
              <Summary numSequencePoints="3" visitedSequencePoints="3" numBranchPoints="0" visitedBranchPoints="0" sequenceCoverage="100" branchCoverage="100" maxCyclomaticComplexity="1" minCyclomaticComplexity="1" visitedClasses="0" numClasses="0" visitedMethods="1" numMethods="1" />
              <MetadataToken />
              <Name>TestingAndCalibrationLabs.Business.Core.Model.SampleModel TestingAndCalibrationLabs.Business.Services.SampleService::Get(System.Int32)</Name>
              <FileRef uid="1" />
              <SequencePoints>
                <SequencePoint vc="2" uspid="45" ordinal="0" sl="45" sc="1" el="45" ec="2" bec="0" bev="0" fileid="1" />
                <SequencePoint vc="2" uspid="46" ordinal="1" sl="46" sc="1" el="46" ec="2" bec="0" bev="0" fileid="1" />
                <SequencePoint vc="2" uspid="47" ordinal="2" sl="47" sc="1" el="47" ec="2" bec="0" bev="0" fileid="1" />
              </SequencePoints>
              <BranchPoints />
              <MethodPoint vc="3" uspid="0" p8:type="SequencePoint" ordinal="4" offset="4" sc="0" sl="45" ec="1" el="47" bec="0" bev="0" fileid="1" xmlns:p8="xsi" />
            </Method>
            <Method cyclomaticComplexity="1" nPathComplexity="1" sequenceCoverage="0" branchCoverage="100" isConstructor="False" isGetter="False" isSetter="False" isStatic="True">
              <Summary numSequencePoints="4" visitedSequencePoints="0" numBranchPoints="0" visitedBranchPoints="0" sequenceCoverage="0" branchCoverage="100" maxCyclomaticComplexity="1" minCyclomaticComplexity="1" visitedClasses="0" numClasses="0" visitedMethods="0" numMethods="1" />
              <MetadataToken />
              <Name>TestingAndCalibrationLabs.Business.Common.RequestResult`1&lt;System.Int32&gt; TestingAndCalibrationLabs.Business.Services.SampleService::Update(System.Int32,TestingAndCalibrationLabs.Business.Core.Model.SampleModel)</Name>
              <FileRef uid="1" />
              <SequencePoints>
                <SequencePoint vc="0" uspid="50" ordinal="0" sl="50" sc="1" el="50" ec="2" bec="0" bev="0" fileid="1" />
                <SequencePoint vc="0" uspid="51" ordinal="1" sl="51" sc="1" el="51" ec="2" bec="0" bev="0" fileid="1" />
                <SequencePoint vc="0" uspid="52" ordinal="2" sl="52" sc="1" el="52" ec="2" bec="0" bev="0" fileid="1" />
                <SequencePoint vc="0" uspid="53" ordinal="3" sl="53" sc="1" el="53" ec="2" bec="0" bev="0" fileid="1" />
              </SequencePoints>
              <BranchPoints />
              <MethodPoint vc="0" uspid="0" p8:type="SequencePoint" ordinal="5" offset="5" sc="0" sl="50" ec="1" el="53" bec="0" bev="0" fileid="1" xmlns:p8="xsi" />
            </Method>
            <Method cyclomaticComplexity="1" nPathComplexity="1" sequenceCoverage="100" branchCoverage="100" isConstructor="True" isGetter="False" isSetter="False" isStatic="True">
              <Summary numSequencePoints="4" visitedSequencePoints="4" numBranchPoints="0" visitedBranchPoints="0" sequenceCoverage="100" branchCoverage="100" maxCyclomaticComplexity="1" minCyclomaticComplexity="1" visitedClasses="0" numClasses="0" visitedMethods="1" numMethods="1" />
              <MetadataToken />
              <Name>System.Void TestingAndCalibrationLabs.Business.Services.SampleService::.ctor(TestingAndCalibrationLabs.Business.Data.Repository.Interfaces.ISampleRepository)</Name>
              <FileRef uid="1" />
              <SequencePoints>
                <SequencePoint vc="4" uspid="17" ordinal="0" sl="17" sc="1" el="17" ec="2" bec="0" bev="0" fileid="1" />
                <SequencePoint vc="4" uspid="18" ordinal="1" sl="18" sc="1" el="18" ec="2" bec="0" bev="0" fileid="1" />
                <SequencePoint vc="4" uspid="19" ordinal="2" sl="19" sc="1" el="19" ec="2" bec="0" bev="0" fileid="1" />
                <SequencePoint vc="4" uspid="20" ordinal="3" sl="20" sc="1" el="20" ec="2" bec="0" bev="0" fileid="1" />
              </SequencePoints>
              <BranchPoints />
              <MethodPoint vc="4" uspid="0" p8:type="SequencePoint" ordinal="6" offset="6" sc="0" sl="17" ec="1" el="20" bec="0" bev="0" fileid="1" xmlns:p8="xsi" />
            </Method>
          </Methods>
        </Class>
        <Class>
          <Summary numSequencePoints="13" visitedSequencePoints="0" numBranchPoints="2" visitedBranchPoints="0" sequenceCoverage="0" branchCoverage="0" maxCyclomaticComplexity="2" minCyclomaticComplexity="1" visitedClasses="0" numClasses="1" visitedMethods="0" numMethods="2" />
          <FullName>TestingAndCalibrationLabs.Business.Infrastructure.ConnectionFactory</FullName>
          <Methods>
            <Method cyclomaticComplexity="2" nPathComplexity="2" sequenceCoverage="0" branchCoverage="0" isConstructor="True" isGetter="True" isSetter="False" isStatic="True">
              <Summary numSequencePoints="9" visitedSequencePoints="0" numBranchPoints="2" visitedBranchPoints="0" sequenceCoverage="0" branchCoverage="0" maxCyclomaticComplexity="2" minCyclomaticComplexity="2" visitedClasses="0" numClasses="0" visitedMethods="0" numMethods="1" />
              <MetadataToken />
              <Name>System.Data.IDbConnection TestingAndCalibrationLabs.Business.Infrastructure.ConnectionFactory::get_GetConnection()</Name>
              <FileRef uid="2" />
              <SequencePoints>
                <SequencePoint vc="0" uspid="25" ordinal="0" sl="25" sc="1" el="25" ec="2" bec="0" bev="0" fileid="2" />
                <SequencePoint vc="0" uspid="26" ordinal="1" sl="26" sc="1" el="26" ec="2" bec="0" bev="0" fileid="2" />
                <SequencePoint vc="0" uspid="27" ordinal="2" sl="27" sc="1" el="27" ec="2" bec="0" bev="0" fileid="2" />
                <SequencePoint vc="0" uspid="28" ordinal="3" sl="28" sc="1" el="28" ec="2" bec="0" bev="0" fileid="2" />
                <SequencePoint vc="0" uspid="29" ordinal="4" sl="29" sc="1" el="29" ec="2" bec="2" bev="0" fileid="2" />
                <SequencePoint vc="0" uspid="30" ordinal="5" sl="30" sc="1" el="30" ec="2" bec="0" bev="0" fileid="2" />
                <SequencePoint vc="0" uspid="31" ordinal="6" sl="31" sc="1" el="31" ec="2" bec="0" bev="0" fileid="2" />
                <SequencePoint vc="0" uspid="32" ordinal="7" sl="32" sc="1" el="32" ec="2" bec="0" bev="0" fileid="2" />
                <SequencePoint vc="0" uspid="33" ordinal="8" sl="33" sc="1" el="33" ec="2" bec="0" bev="0" fileid="2" />
              </SequencePoints>
              <BranchPoints>
                <BranchPoint vc="0" uspid="29" ordinal="0" path="0" offset="41" offsetend="43" sl="29" fileid="2" />
                <BranchPoint vc="0" uspid="29" ordinal="1" path="1" offset="41" offsetend="47" sl="29" fileid="2" />
              </BranchPoints>
              <MethodPoint vc="0" uspid="0" p8:type="SequencePoint" ordinal="0" offset="0" sc="0" sl="25" ec="1" el="33" bec="0" bev="0" fileid="2" xmlns:p8="xsi" />
            </Method>
            <Method cyclomaticComplexity="1" nPathComplexity="1" sequenceCoverage="0" branchCoverage="100" isConstructor="True" isGetter="False" isSetter="False" isStatic="True">
              <Summary numSequencePoints="4" visitedSequencePoints="0" numBranchPoints="0" visitedBranchPoints="0" sequenceCoverage="0" branchCoverage="100" maxCyclomaticComplexity="1" minCyclomaticComplexity="1" visitedClasses="0" numClasses="0" visitedMethods="0" numMethods="1" />
              <MetadataToken />
              <Name>System.Void TestingAndCalibrationLabs.Business.Infrastructure.ConnectionFactory::.ctor(Microsoft.Extensions.Configuration.IConfiguration)</Name>
              <FileRef uid="2" />
              <SequencePoints>
                <SequencePoint vc="0" uspid="15" ordinal="0" sl="15" sc="1" el="15" ec="2" bec="0" bev="0" fileid="2" />
                <SequencePoint vc="0" uspid="16" ordinal="1" sl="16" sc="1" el="16" ec="2" bec="0" bev="0" fileid="2" />
                <SequencePoint vc="0" uspid="17" ordinal="2" sl="17" sc="1" el="17" ec="2" bec="0" bev="0" fileid="2" />
                <SequencePoint vc="0" uspid="18" ordinal="3" sl="18" sc="1" el="18" ec="2" bec="0" bev="0" fileid="2" />
              </SequencePoints>
              <BranchPoints />
              <MethodPoint vc="0" uspid="0" p8:type="SequencePoint" ordinal="1" offset="1" sc="0" sl="15" ec="1" el="18" bec="0" bev="0" fileid="2" xmlns:p8="xsi" />
            </Method>
          </Methods>
        </Class>
        <Class>
          <Summary numSequencePoints="40" visitedSequencePoints="0" numBranchPoints="0" visitedBranchPoints="0" sequenceCoverage="0" branchCoverage="100" maxCyclomaticComplexity="1" minCyclomaticComplexity="1" visitedClasses="0" numClasses="1" visitedMethods="0" numMethods="7" />
          <FullName>TestingAndCalibrationLabs.Business.Data.Repository.SampleRepository</FullName>
          <Methods>
            <Method cyclomaticComplexity="1" nPathComplexity="1" sequenceCoverage="0" branchCoverage="100" isConstructor="False" isGetter="False" isSetter="False" isStatic="True">
              <Summary numSequencePoints="4" visitedSequencePoints="0" numBranchPoints="0" visitedBranchPoints="0" sequenceCoverage="0" branchCoverage="100" maxCyclomaticComplexity="1" minCyclomaticComplexity="1" visitedClasses="0" numClasses="0" visitedMethods="0" numMethods="1" />
              <MetadataToken />
              <Name>System.Collections.Generic.List`1&lt;TestingAndCalibrationLabs.Business.Core.Model.SampleModel&gt; TestingAndCalibrationLabs.Business.Data.Repository.SampleRepository::Get()</Name>
              <FileRef uid="3" />
              <SequencePoints>
                <SequencePoint vc="0" uspid="29" ordinal="0" sl="29" sc="1" el="29" ec="2" bec="0" bev="0" fileid="3" />
                <SequencePoint vc="0" uspid="30" ordinal="1" sl="30" sc="1" el="30" ec="2" bec="0" bev="0" fileid="3" />
                <SequencePoint vc="0" uspid="31" ordinal="2" sl="31" sc="1" el="31" ec="2" bec="0" bev="0" fileid="3" />
                <SequencePoint vc="0" uspid="32" ordinal="3" sl="32" sc="1" el="32" ec="2" bec="0" bev="0" fileid="3" />
              </SequencePoints>
              <BranchPoints />
              <MethodPoint vc="0" uspid="0" p8:type="SequencePoint" ordinal="0" offset="0" sc="0" sl="29" ec="1" el="32" bec="0" bev="0" fileid="3" xmlns:p8="xsi" />
            </Method>
            <Method cyclomaticComplexity="1" nPathComplexity="1" sequenceCoverage="0" branchCoverage="100" isConstructor="False" isGetter="False" isSetter="False" isStatic="True">
              <Summary numSequencePoints="4" visitedSequencePoints="0" numBranchPoints="0" visitedBranchPoints="0" sequenceCoverage="0" branchCoverage="100" maxCyclomaticComplexity="1" minCyclomaticComplexity="1" visitedClasses="0" numClasses="0" visitedMethods="0" numMethods="1" />
              <MetadataToken />
              <Name>TestingAndCalibrationLabs.Business.Core.Model.SampleModel TestingAndCalibrationLabs.Business.Data.Repository.SampleRepository::Get(System.Int32)</Name>
              <FileRef uid="3" />
              <SequencePoints>
                <SequencePoint vc="0" uspid="39" ordinal="0" sl="39" sc="1" el="39" ec="2" bec="0" bev="0" fileid="3" />
                <SequencePoint vc="0" uspid="40" ordinal="1" sl="40" sc="1" el="40" ec="2" bec="0" bev="0" fileid="3" />
                <SequencePoint vc="0" uspid="41" ordinal="2" sl="41" sc="1" el="41" ec="2" bec="0" bev="0" fileid="3" />
                <SequencePoint vc="0" uspid="42" ordinal="3" sl="42" sc="1" el="42" ec="2" bec="0" bev="0" fileid="3" />
              </SequencePoints>
              <BranchPoints />
              <MethodPoint vc="0" uspid="0" p8:type="SequencePoint" ordinal="1" offset="1" sc="0" sl="39" ec="1" el="42" bec="0" bev="0" fileid="3" xmlns:p8="xsi" />
            </Method>
            <Method cyclomaticComplexity="1" nPathComplexity="1" sequenceCoverage="0" branchCoverage="100" isConstructor="False" isGetter="False" isSetter="False" isStatic="True">
              <Summary numSequencePoints="6" visitedSequencePoints="0" numBranchPoints="0" visitedBranchPoints="0" sequenceCoverage="0" branchCoverage="100" maxCyclomaticComplexity="1" minCyclomaticComplexity="1" visitedClasses="0" numClasses="0" visitedMethods="0" numMethods="1" />
              <MetadataToken />
              <Name>System.Int32 TestingAndCalibrationLabs.Business.Data.Repository.SampleRepository::Insert(TestingAndCalibrationLabs.Business.Core.Model.SampleModel)</Name>
              <FileRef uid="3" />
              <SequencePoints>
                <SequencePoint vc="0" uspid="50" ordinal="0" sl="50" sc="1" el="50" ec="2" bec="0" bev="0" fileid="3" />
                <SequencePoint vc="0" uspid="51" ordinal="1" sl="51" sc="1" el="51" ec="2" bec="0" bev="0" fileid="3" />
                <SequencePoint vc="0" uspid="52" ordinal="2" sl="52" sc="1" el="52" ec="2" bec="0" bev="0" fileid="3" />
                <SequencePoint vc="0" uspid="53" ordinal="3" sl="53" sc="1" el="53" ec="2" bec="0" bev="0" fileid="3" />
                <SequencePoint vc="0" uspid="54" ordinal="4" sl="54" sc="1" el="54" ec="2" bec="0" bev="0" fileid="3" />
                <SequencePoint vc="0" uspid="55" ordinal="5" sl="55" sc="1" el="55" ec="2" bec="0" bev="0" fileid="3" />
              </SequencePoints>
              <BranchPoints />
              <MethodPoint vc="0" uspid="0" p8:type="SequencePoint" ordinal="2" offset="2" sc="0" sl="50" ec="1" el="55" bec="0" bev="0" fileid="3" xmlns:p8="xsi" />
            </Method>
            <Method cyclomaticComplexity="1" nPathComplexity="1" sequenceCoverage="0" branchCoverage="100" isConstructor="False" isGetter="False" isSetter="False" isStatic="True">
              <Summary numSequencePoints="6" visitedSequencePoints="0" numBranchPoints="0" visitedBranchPoints="0" sequenceCoverage="0" branchCoverage="100" maxCyclomaticComplexity="1" minCyclomaticComplexity="1" visitedClasses="0" numClasses="0" visitedMethods="0" numMethods="1" />
              <MetadataToken />
              <Name>System.Int32 TestingAndCalibrationLabs.Business.Data.Repository.SampleRepository::InsertCollection(System.Collections.Generic.List`1&lt;TestingAndCalibrationLabs.Business.Core.Model.SampleModel&gt;)</Name>
              <FileRef uid="3" />
              <SequencePoints>
                <SequencePoint vc="0" uspid="62" ordinal="0" sl="62" sc="1" el="62" ec="2" bec="0" bev="0" fileid="3" />
                <SequencePoint vc="0" uspid="63" ordinal="1" sl="63" sc="1" el="63" ec="2" bec="0" bev="0" fileid="3" />
                <SequencePoint vc="0" uspid="64" ordinal="2" sl="64" sc="1" el="64" ec="2" bec="0" bev="0" fileid="3" />
                <SequencePoint vc="0" uspid="65" ordinal="3" sl="65" sc="1" el="65" ec="2" bec="0" bev="0" fileid="3" />
                <SequencePoint vc="0" uspid="66" ordinal="4" sl="66" sc="1" el="66" ec="2" bec="0" bev="0" fileid="3" />
                <SequencePoint vc="0" uspid="67" ordinal="5" sl="67" sc="1" el="67" ec="2" bec="0" bev="0" fileid="3" />
              </SequencePoints>
              <BranchPoints />
              <MethodPoint vc="0" uspid="0" p8:type="SequencePoint" ordinal="3" offset="3" sc="0" sl="62" ec="1" el="67" bec="0" bev="0" fileid="3" xmlns:p8="xsi" />
            </Method>
            <Method cyclomaticComplexity="1" nPathComplexity="1" sequenceCoverage="0" branchCoverage="100" isConstructor="False" isGetter="False" isSetter="False" isStatic="True">
              <Summary numSequencePoints="8" visitedSequencePoints="0" numBranchPoints="0" visitedBranchPoints="0" sequenceCoverage="0" branchCoverage="100" maxCyclomaticComplexity="1" minCyclomaticComplexity="1" visitedClasses="0" numClasses="0" visitedMethods="0" numMethods="1" />
              <MetadataToken />
              <Name>System.Int32 TestingAndCalibrationLabs.Business.Data.Repository.SampleRepository::Update(TestingAndCalibrationLabs.Business.Core.Model.SampleModel)</Name>
              <FileRef uid="3" />
              <SequencePoints>
                <SequencePoint vc="0" uspid="75" ordinal="0" sl="75" sc="1" el="75" ec="2" bec="0" bev="0" fileid="3" />
                <SequencePoint vc="0" uspid="76" ordinal="1" sl="76" sc="1" el="76" ec="2" bec="0" bev="0" fileid="3" />
                <SequencePoint vc="0" uspid="77" ordinal="2" sl="77" sc="1" el="77" ec="2" bec="0" bev="0" fileid="3" />
                <SequencePoint vc="0" uspid="78" ordinal="3" sl="78" sc="1" el="78" ec="2" bec="0" bev="0" fileid="3" />
                <SequencePoint vc="0" uspid="79" ordinal="4" sl="79" sc="1" el="79" ec="2" bec="0" bev="0" fileid="3" />
                <SequencePoint vc="0" uspid="80" ordinal="5" sl="80" sc="1" el="80" ec="2" bec="0" bev="0" fileid="3" />
                <SequencePoint vc="0" uspid="81" ordinal="6" sl="81" sc="1" el="81" ec="2" bec="0" bev="0" fileid="3" />
                <SequencePoint vc="0" uspid="82" ordinal="7" sl="82" sc="1" el="82" ec="2" bec="0" bev="0" fileid="3" />
              </SequencePoints>
              <BranchPoints />
              <MethodPoint vc="0" uspid="0" p8:type="SequencePoint" ordinal="4" offset="4" sc="0" sl="75" ec="1" el="82" bec="0" bev="0" fileid="3" xmlns:p8="xsi" />
            </Method>
            <Method cyclomaticComplexity="1" nPathComplexity="1" sequenceCoverage="0" branchCoverage="100" isConstructor="False" isGetter="False" isSetter="False" isStatic="True">
              <Summary numSequencePoints="8" visitedSequencePoints="0" numBranchPoints="0" visitedBranchPoints="0" sequenceCoverage="0" branchCoverage="100" maxCyclomaticComplexity="1" minCyclomaticComplexity="1" visitedClasses="0" numClasses="0" visitedMethods="0" numMethods="1" />
              <MetadataToken />
              <Name>System.Boolean TestingAndCalibrationLabs.Business.Data.Repository.SampleRepository::Delete(System.Int32)</Name>
              <FileRef uid="3" />
              <SequencePoints>
                <SequencePoint vc="0" uspid="90" ordinal="0" sl="90" sc="1" el="90" ec="2" bec="0" bev="0" fileid="3" />
                <SequencePoint vc="0" uspid="91" ordinal="1" sl="91" sc="1" el="91" ec="2" bec="0" bev="0" fileid="3" />
                <SequencePoint vc="0" uspid="92" ordinal="2" sl="92" sc="1" el="92" ec="2" bec="0" bev="0" fileid="3" />
                <SequencePoint vc="0" uspid="93" ordinal="3" sl="93" sc="1" el="93" ec="2" bec="0" bev="0" fileid="3" />
                <SequencePoint vc="0" uspid="94" ordinal="4" sl="94" sc="1" el="94" ec="2" bec="0" bev="0" fileid="3" />
                <SequencePoint vc="0" uspid="95" ordinal="5" sl="95" sc="1" el="95" ec="2" bec="0" bev="0" fileid="3" />
                <SequencePoint vc="0" uspid="96" ordinal="6" sl="96" sc="1" el="96" ec="2" bec="0" bev="0" fileid="3" />
                <SequencePoint vc="0" uspid="97" ordinal="7" sl="97" sc="1" el="97" ec="2" bec="0" bev="0" fileid="3" />
              </SequencePoints>
              <BranchPoints />
              <MethodPoint vc="0" uspid="0" p8:type="SequencePoint" ordinal="5" offset="5" sc="0" sl="90" ec="1" el="97" bec="0" bev="0" fileid="3" xmlns:p8="xsi" />
            </Method>
            <Method cyclomaticComplexity="1" nPathComplexity="1" sequenceCoverage="0" branchCoverage="100" isConstructor="True" isGetter="False" isSetter="False" isStatic="True">
              <Summary numSequencePoints="4" visitedSequencePoints="0" numBranchPoints="0" visitedBranchPoints="0" sequenceCoverage="0" branchCoverage="100" maxCyclomaticComplexity="1" minCyclomaticComplexity="1" visitedClasses="0" numClasses="0" visitedMethods="0" numMethods="1" />
              <MetadataToken />
              <Name>System.Void TestingAndCalibrationLabs.Business.Data.Repository.SampleRepository::.ctor(TestingAndCalibrationLabs.Business.Infrastructure.IConnectionFactory)</Name>
              <FileRef uid="3" />
              <SequencePoints>
                <SequencePoint vc="0" uspid="19" ordinal="0" sl="19" sc="1" el="19" ec="2" bec="0" bev="0" fileid="3" />
                <SequencePoint vc="0" uspid="20" ordinal="1" sl="20" sc="1" el="20" ec="2" bec="0" bev="0" fileid="3" />
                <SequencePoint vc="0" uspid="21" ordinal="2" sl="21" sc="1" el="21" ec="2" bec="0" bev="0" fileid="3" />
                <SequencePoint vc="0" uspid="22" ordinal="3" sl="22" sc="1" el="22" ec="2" bec="0" bev="0" fileid="3" />
              </SequencePoints>
              <BranchPoints />
              <MethodPoint vc="0" uspid="0" p8:type="SequencePoint" ordinal="6" offset="6" sc="0" sl="19" ec="1" el="22" bec="0" bev="0" fileid="3" xmlns:p8="xsi" />
            </Method>
          </Methods>
        </Class>
        <Class>
          <Summary numSequencePoints="1" visitedSequencePoints="1" numBranchPoints="0" visitedBranchPoints="0" sequenceCoverage="100" branchCoverage="100" maxCyclomaticComplexity="1" minCyclomaticComplexity="1" visitedClasses="1" numClasses="1" visitedMethods="1" numMethods="1" />
          <FullName>TestingAndCalibrationLabs.Business.Core.Model.Entity</FullName>
          <Methods>
            <Method cyclomaticComplexity="1" nPathComplexity="1" sequenceCoverage="100" branchCoverage="100" isConstructor="False" isGetter="True" isSetter="False" isStatic="True">
              <Summary numSequencePoints="1" visitedSequencePoints="1" numBranchPoints="0" visitedBranchPoints="0" sequenceCoverage="100" branchCoverage="100" maxCyclomaticComplexity="1" minCyclomaticComplexity="1" visitedClasses="0" numClasses="0" visitedMethods="1" numMethods="1" />
              <MetadataToken />
              <Name>System.Int32 TestingAndCalibrationLabs.Business.Core.Model.Entity::get_Id()</Name>
              <FileRef uid="4" />
              <SequencePoints>
                <SequencePoint vc="11" uspid="5" ordinal="0" sl="5" sc="1" el="5" ec="2" bec="0" bev="0" fileid="4" />
              </SequencePoints>
              <BranchPoints />
              <MethodPoint vc="1" uspid="0" p8:type="SequencePoint" ordinal="0" offset="0" sc="0" sl="5" ec="1" el="5" bec="0" bev="0" fileid="4" xmlns:p8="xsi" />
            </Method>
          </Methods>
        </Class>
        <Class>
          <Summary numSequencePoints="2" visitedSequencePoints="2" numBranchPoints="0" visitedBranchPoints="0" sequenceCoverage="100" branchCoverage="100" maxCyclomaticComplexity="1" minCyclomaticComplexity="1" visitedClasses="1" numClasses="1" visitedMethods="2" numMethods="2" />
          <FullName>TestingAndCalibrationLabs.Business.Core.Model.SampleModel</FullName>
          <Methods>
            <Method cyclomaticComplexity="1" nPathComplexity="1" sequenceCoverage="100" branchCoverage="100" isConstructor="False" isGetter="True" isSetter="False" isStatic="True">
              <Summary numSequencePoints="1" visitedSequencePoints="1" numBranchPoints="0" visitedBranchPoints="0" sequenceCoverage="100" branchCoverage="100" maxCyclomaticComplexity="1" minCyclomaticComplexity="1" visitedClasses="0" numClasses="0" visitedMethods="1" numMethods="1" />
              <MetadataToken />
              <Name>System.String TestingAndCalibrationLabs.Business.Core.Model.SampleModel::get_Name()</Name>
              <FileRef uid="5" />
              <SequencePoints>
                <SequencePoint vc="11" uspid="9" ordinal="0" sl="9" sc="1" el="9" ec="2" bec="0" bev="0" fileid="5" />
              </SequencePoints>
              <BranchPoints />
              <MethodPoint vc="1" uspid="0" p8:type="SequencePoint" ordinal="0" offset="0" sc="0" sl="9" ec="1" el="9" bec="0" bev="0" fileid="5" xmlns:p8="xsi" />
            </Method>
            <Method cyclomaticComplexity="1" nPathComplexity="1" sequenceCoverage="100" branchCoverage="100" isConstructor="False" isGetter="True" isSetter="False" isStatic="True">
              <Summary numSequencePoints="1" visitedSequencePoints="1" numBranchPoints="0" visitedBranchPoints="0" sequenceCoverage="100" branchCoverage="100" maxCyclomaticComplexity="1" minCyclomaticComplexity="1" visitedClasses="0" numClasses="0" visitedMethods="1" numMethods="1" />
              <MetadataToken />
              <Name>System.String TestingAndCalibrationLabs.Business.Core.Model.SampleModel::get_Description()</Name>
              <FileRef uid="5" />
              <SequencePoints>
                <SequencePoint vc="11" uspid="10" ordinal="0" sl="10" sc="1" el="10" ec="2" bec="0" bev="0" fileid="5" />
              </SequencePoints>
              <BranchPoints />
              <MethodPoint vc="1" uspid="0" p8:type="SequencePoint" ordinal="1" offset="1" sc="0" sl="10" ec="1" el="10" bec="0" bev="0" fileid="5" xmlns:p8="xsi" />
            </Method>
          </Methods>
        </Class>
        <Class>
          <Summary numSequencePoints="8" visitedSequencePoints="0" numBranchPoints="4" visitedBranchPoints="0" sequenceCoverage="0" branchCoverage="0" maxCyclomaticComplexity="4" minCyclomaticComplexity="4" visitedClasses="0" numClasses="1" visitedMethods="0" numMethods="1" />
          <FullName>TestingAndCalibrationLabs.Business.Common.CollectionExtensionMethods</FullName>
          <Methods>
            <Method cyclomaticComplexity="4" nPathComplexity="4" sequenceCoverage="0" branchCoverage="0" isConstructor="False" isGetter="False" isSetter="False" isStatic="True">
              <Summary numSequencePoints="8" visitedSequencePoints="0" numBranchPoints="4" visitedBranchPoints="0" sequenceCoverage="0" branchCoverage="0" maxCyclomaticComplexity="4" minCyclomaticComplexity="4" visitedClasses="0" numClasses="0" visitedMethods="0" numMethods="1" />
              <MetadataToken />
              <Name>System.Collections.Generic.IList`1&lt;TestingAndCalibrationLabs.Business.Common.ValidationMessage&gt; TestingAndCalibrationLabs.Business.Common.CollectionExtensionMethods::GetFailureValidationMessages(System.Collections.Generic.IList`1&lt;T&gt;)</Name>
              <FileRef uid="6" />
              <SequencePoints>
                <SequencePoint vc="0" uspid="15" ordinal="0" sl="15" sc="1" el="15" ec="2" bec="0" bev="0" fileid="6" />
                <SequencePoint vc="0" uspid="16" ordinal="1" sl="16" sc="1" el="16" ec="2" bec="0" bev="0" fileid="6" />
                <SequencePoint vc="0" uspid="17" ordinal="2" sl="17" sc="1" el="17" ec="2" bec="2" bev="0" fileid="6" />
                <SequencePoint vc="0" uspid="18" ordinal="3" sl="18" sc="1" el="18" ec="2" bec="0" bev="0" fileid="6" />
                <SequencePoint vc="0" uspid="19" ordinal="4" sl="19" sc="1" el="19" ec="2" bec="2" bev="0" fileid="6" />
                <SequencePoint vc="0" uspid="20" ordinal="5" sl="20" sc="1" el="20" ec="2" bec="0" bev="0" fileid="6" />
                <SequencePoint vc="0" uspid="22" ordinal="6" sl="22" sc="1" el="22" ec="2" bec="0" bev="0" fileid="6" />
                <SequencePoint vc="0" uspid="23" ordinal="7" sl="23" sc="1" el="23" ec="2" bec="0" bev="0" fileid="6" />
              </SequencePoints>
              <BranchPoints>
                <BranchPoint vc="0" uspid="17" ordinal="0" path="0" offset="13" offsetend="15" sl="17" fileid="6" />
                <BranchPoint vc="0" uspid="19" ordinal="2" path="0" offset="24" offsetend="26" sl="19" fileid="6" />
                <BranchPoint vc="0" uspid="19" ordinal="3" path="1" offset="24" offsetend="49" sl="19" fileid="6" />
                <BranchPoint vc="0" uspid="17" ordinal="1" path="1" offset="13" offsetend="61" sl="17" fileid="6" />
              </BranchPoints>
              <MethodPoint vc="0" uspid="0" p8:type="SequencePoint" ordinal="0" offset="0" sc="0" sl="15" ec="1" el="23" bec="0" bev="0" fileid="6" xmlns:p8="xsi" />
            </Method>
          </Methods>
        </Class>
        <Class>
          <Summary numSequencePoints="3" visitedSequencePoints="0" numBranchPoints="2" visitedBranchPoints="0" sequenceCoverage="0" branchCoverage="0" maxCyclomaticComplexity="2" minCyclomaticComplexity="2" visitedClasses="0" numClasses="1" visitedMethods="0" numMethods="1" />
          <FullName>TestingAndCalibrationLabs.Business.Common.GenericUtils</FullName>
          <Methods>
            <Method cyclomaticComplexity="2" nPathComplexity="2" sequenceCoverage="0" branchCoverage="0" isConstructor="False" isGetter="False" isSetter="False" isStatic="True">
              <Summary numSequencePoints="3" visitedSequencePoints="0" numBranchPoints="2" visitedBranchPoints="0" sequenceCoverage="0" branchCoverage="0" maxCyclomaticComplexity="2" minCyclomaticComplexity="2" visitedClasses="0" numClasses="0" visitedMethods="0" numMethods="1" />
              <MetadataToken />
              <Name>System.Collections.Generic.List`1&lt;T&gt; TestingAndCalibrationLabs.Business.Common.GenericUtils::ToNonNullList(System.Collections.Generic.IEnumerable`1&lt;T&gt;)</Name>
              <FileRef uid="7" />
              <SequencePoints>
                <SequencePoint vc="0" uspid="19" ordinal="0" sl="19" sc="1" el="19" ec="2" bec="0" bev="0" fileid="7" />
                <SequencePoint vc="0" uspid="20" ordinal="1" sl="20" sc="1" el="20" ec="2" bec="2" bev="0" fileid="7" />
                <SequencePoint vc="0" uspid="21" ordinal="2" sl="21" sc="1" el="21" ec="2" bec="0" bev="0" fileid="7" />
              </SequencePoints>
              <BranchPoints>
                <BranchPoint vc="0" uspid="20" ordinal="0" path="0" offset="2" offsetend="4" sl="20" fileid="7" />
                <BranchPoint vc="0" uspid="20" ordinal="1" path="1" offset="2" offsetend="12" sl="20" fileid="7" />
              </BranchPoints>
              <MethodPoint vc="0" uspid="0" p8:type="SequencePoint" ordinal="0" offset="0" sc="0" sl="19" ec="1" el="21" bec="0" bev="0" fileid="7" xmlns:p8="xsi" />
            </Method>
          </Methods>
        </Class>
        <Class>
          <Summary numSequencePoints="25" visitedSequencePoints="0" numBranchPoints="4" visitedBranchPoints="0" sequenceCoverage="0" branchCoverage="0" maxCyclomaticComplexity="4" minCyclomaticComplexity="1" visitedClasses="0" numClasses="1" visitedMethods="0" numMethods="6" />
          <FullName>TestingAndCalibrationLabs.Business.Common.RequestResult`1</FullName>
          <Methods>
            <Method cyclomaticComplexity="1" nPathComplexity="1" sequenceCoverage="0" branchCoverage="100" isConstructor="False" isGetter="True" isSetter="False" isStatic="True">
              <Summary numSequencePoints="1" visitedSequencePoints="0" numBranchPoints="0" visitedBranchPoints="0" sequenceCoverage="0" branchCoverage="100" maxCyclomaticComplexity="1" minCyclomaticComplexity="1" visitedClasses="0" numClasses="0" visitedMethods="0" numMethods="1" />
              <MetadataToken />
              <Name>T TestingAndCalibrationLabs.Business.Common.RequestResult`1::get_RequestedObject()</Name>
              <FileRef uid="8" />
              <SequencePoints>
                <SequencePoint vc="0" uspid="10" ordinal="0" sl="10" sc="1" el="10" ec="2" bec="0" bev="0" fileid="8" />
              </SequencePoints>
              <BranchPoints />
              <MethodPoint vc="0" uspid="0" p8:type="SequencePoint" ordinal="0" offset="0" sc="0" sl="10" ec="1" el="10" bec="0" bev="0" fileid="8" xmlns:p8="xsi" />
            </Method>
            <Method cyclomaticComplexity="4" nPathComplexity="4" sequenceCoverage="0" branchCoverage="0" isConstructor="False" isGetter="True" isSetter="False" isStatic="True">
              <Summary numSequencePoints="8" visitedSequencePoints="0" numBranchPoints="4" visitedBranchPoints="0" sequenceCoverage="0" branchCoverage="0" maxCyclomaticComplexity="4" minCyclomaticComplexity="4" visitedClasses="0" numClasses="0" visitedMethods="0" numMethods="1" />
              <MetadataToken />
              <Name>System.Boolean TestingAndCalibrationLabs.Business.Common.RequestResult`1::get_IsSuccessful()</Name>
              <FileRef uid="8" />
              <SequencePoints>
                <SequencePoint vc="0" uspid="17" ordinal="0" sl="17" sc="1" el="17" ec="2" bec="0" bev="0" fileid="8" />
                <SequencePoint vc="0" uspid="18" ordinal="1" sl="18" sc="1" el="18" ec="2" bec="0" bev="0" fileid="8" />
                <SequencePoint vc="0" uspid="19" ordinal="2" sl="19" sc="1" el="19" ec="2" bec="4" bev="0" fileid="8" />
                <SequencePoint vc="0" uspid="20" ordinal="3" sl="20" sc="1" el="20" ec="2" bec="0" bev="0" fileid="8" />
                <SequencePoint vc="0" uspid="21" ordinal="4" sl="21" sc="1" el="21" ec="2" bec="0" bev="0" fileid="8" />
                <SequencePoint vc="0" uspid="22" ordinal="5" sl="22" sc="1" el="22" ec="2" bec="0" bev="0" fileid="8" />
                <SequencePoint vc="0" uspid="23" ordinal="6" sl="23" sc="1" el="23" ec="2" bec="0" bev="0" fileid="8" />
                <SequencePoint vc="0" uspid="24" ordinal="7" sl="24" sc="1" el="24" ec="2" bec="0" bev="0" fileid="8" />
              </SequencePoints>
              <BranchPoints>
                <BranchPoint vc="0" uspid="19" ordinal="0" path="0" offset="12" offsetend="14" sl="19" fileid="8" />
                <BranchPoint vc="0" uspid="19" ordinal="1" path="1" offset="12" offsetend="30" sl="19" fileid="8" />
                <BranchPoint vc="0" uspid="19" ordinal="2" path="0" offset="33" offsetend="35" sl="19" fileid="8" />
                <BranchPoint vc="0" uspid="19" ordinal="3" path="1" offset="33" offsetend="39" sl="19" fileid="8" />
              </BranchPoints>
              <MethodPoint vc="0" uspid="0" p8:type="SequencePoint" ordinal="1" offset="1" sc="0" sl="17" ec="1" el="24" bec="0" bev="0" fileid="8" xmlns:p8="xsi" />
            </Method>
            <Method cyclomaticComplexity="1" nPathComplexity="1" sequenceCoverage="0" branchCoverage="100" isConstructor="True" isGetter="False" isSetter="False" isStatic="True">
              <Summary numSequencePoints="3" visitedSequencePoints="0" numBranchPoints="0" visitedBranchPoints="0" sequenceCoverage="0" branchCoverage="100" maxCyclomaticComplexity="1" minCyclomaticComplexity="1" visitedClasses="0" numClasses="0" visitedMethods="0" numMethods="1" />
              <MetadataToken />
              <Name>System.Void TestingAndCalibrationLabs.Business.Common.RequestResult`1::.ctor()</Name>
              <FileRef uid="8" />
              <SequencePoints>
                <SequencePoint vc="0" uspid="34" ordinal="0" sl="34" sc="1" el="34" ec="2" bec="0" bev="0" fileid="8" />
                <SequencePoint vc="0" uspid="35" ordinal="1" sl="35" sc="1" el="35" ec="2" bec="0" bev="0" fileid="8" />
                <SequencePoint vc="0" uspid="36" ordinal="2" sl="36" sc="1" el="36" ec="2" bec="0" bev="0" fileid="8" />
              </SequencePoints>
              <BranchPoints />
              <MethodPoint vc="0" uspid="0" p8:type="SequencePoint" ordinal="2" offset="2" sc="0" sl="34" ec="1" el="36" bec="0" bev="0" fileid="8" xmlns:p8="xsi" />
            </Method>
            <Method cyclomaticComplexity="1" nPathComplexity="1" sequenceCoverage="0" branchCoverage="100" isConstructor="True" isGetter="False" isSetter="False" isStatic="True">
              <Summary numSequencePoints="4" visitedSequencePoints="0" numBranchPoints="0" visitedBranchPoints="0" sequenceCoverage="0" branchCoverage="100" maxCyclomaticComplexity="1" minCyclomaticComplexity="1" visitedClasses="0" numClasses="0" visitedMethods="0" numMethods="1" />
              <MetadataToken />
              <Name>System.Void TestingAndCalibrationLabs.Business.Common.RequestResult`1::.ctor(T)</Name>
              <FileRef uid="8" />
              <SequencePoints>
                <SequencePoint vc="0" uspid="42" ordinal="0" sl="42" sc="1" el="42" ec="2" bec="0" bev="0" fileid="8" />
                <SequencePoint vc="0" uspid="43" ordinal="1" sl="43" sc="1" el="43" ec="2" bec="0" bev="0" fileid="8" />
                <SequencePoint vc="0" uspid="44" ordinal="2" sl="44" sc="1" el="44" ec="2" bec="0" bev="0" fileid="8" />
                <SequencePoint vc="0" uspid="45" ordinal="3" sl="45" sc="1" el="45" ec="2" bec="0" bev="0" fileid="8" />
              </SequencePoints>
              <BranchPoints />
              <MethodPoint vc="0" uspid="0" p8:type="SequencePoint" ordinal="3" offset="3" sc="0" sl="42" ec="1" el="45" bec="0" bev="0" fileid="8" xmlns:p8="xsi" />
            </Method>
            <Method cyclomaticComplexity="1" nPathComplexity="1" sequenceCoverage="0" branchCoverage="100" isConstructor="True" isGetter="False" isSetter="False" isStatic="True">
              <Summary numSequencePoints="4" visitedSequencePoints="0" numBranchPoints="0" visitedBranchPoints="0" sequenceCoverage="0" branchCoverage="100" maxCyclomaticComplexity="1" minCyclomaticComplexity="1" visitedClasses="0" numClasses="0" visitedMethods="0" numMethods="1" />
              <MetadataToken />
              <Name>System.Void TestingAndCalibrationLabs.Business.Common.RequestResult`1::.ctor(System.Collections.Generic.IList`1&lt;TestingAndCalibrationLabs.Business.Common.ValidationMessage&gt;)</Name>
              <FileRef uid="8" />
              <SequencePoints>
                <SequencePoint vc="0" uspid="52" ordinal="0" sl="52" sc="1" el="52" ec="2" bec="0" bev="0" fileid="8" />
                <SequencePoint vc="0" uspid="53" ordinal="1" sl="53" sc="1" el="53" ec="2" bec="0" bev="0" fileid="8" />
                <SequencePoint vc="0" uspid="54" ordinal="2" sl="54" sc="1" el="54" ec="2" bec="0" bev="0" fileid="8" />
                <SequencePoint vc="0" uspid="55" ordinal="3" sl="55" sc="1" el="55" ec="2" bec="0" bev="0" fileid="8" />
              </SequencePoints>
              <BranchPoints />
              <MethodPoint vc="0" uspid="0" p8:type="SequencePoint" ordinal="4" offset="4" sc="0" sl="52" ec="1" el="55" bec="0" bev="0" fileid="8" xmlns:p8="xsi" />
            </Method>
            <Method cyclomaticComplexity="1" nPathComplexity="1" sequenceCoverage="0" branchCoverage="100" isConstructor="True" isGetter="False" isSetter="False" isStatic="True">
              <Summary numSequencePoints="5" visitedSequencePoints="0" numBranchPoints="0" visitedBranchPoints="0" sequenceCoverage="0" branchCoverage="100" maxCyclomaticComplexity="1" minCyclomaticComplexity="1" visitedClasses="0" numClasses="0" visitedMethods="0" numMethods="1" />
              <MetadataToken />
              <Name>System.Void TestingAndCalibrationLabs.Business.Common.RequestResult`1::.ctor(T,System.Collections.Generic.IList`1&lt;TestingAndCalibrationLabs.Business.Common.ValidationMessage&gt;)</Name>
              <FileRef uid="8" />
              <SequencePoints>
                <SequencePoint vc="0" uspid="63" ordinal="0" sl="63" sc="1" el="63" ec="2" bec="0" bev="0" fileid="8" />
                <SequencePoint vc="0" uspid="64" ordinal="1" sl="64" sc="1" el="64" ec="2" bec="0" bev="0" fileid="8" />
                <SequencePoint vc="0" uspid="65" ordinal="2" sl="65" sc="1" el="65" ec="2" bec="0" bev="0" fileid="8" />
                <SequencePoint vc="0" uspid="66" ordinal="3" sl="66" sc="1" el="66" ec="2" bec="0" bev="0" fileid="8" />
                <SequencePoint vc="0" uspid="67" ordinal="4" sl="67" sc="1" el="67" ec="2" bec="0" bev="0" fileid="8" />
              </SequencePoints>
              <BranchPoints />
              <MethodPoint vc="0" uspid="0" p8:type="SequencePoint" ordinal="5" offset="5" sc="0" sl="63" ec="1" el="67" bec="0" bev="0" fileid="8" xmlns:p8="xsi" />
            </Method>
          </Methods>
        </Class>
        <Class>
          <Summary numSequencePoints="4" visitedSequencePoints="0" numBranchPoints="0" visitedBranchPoints="0" sequenceCoverage="0" branchCoverage="100" maxCyclomaticComplexity="1" minCyclomaticComplexity="1" visitedClasses="0" numClasses="1" visitedMethods="0" numMethods="2" />
          <FullName>TestingAndCalibrationLabs.Business.Common.ResultBase</FullName>
          <Methods>
            <Method cyclomaticComplexity="1" nPathComplexity="1" sequenceCoverage="0" branchCoverage="100" isConstructor="False" isGetter="True" isSetter="False" isStatic="True">
              <Summary numSequencePoints="1" visitedSequencePoints="0" numBranchPoints="0" visitedBranchPoints="0" sequenceCoverage="0" branchCoverage="100" maxCyclomaticComplexity="1" minCyclomaticComplexity="1" visitedClasses="0" numClasses="0" visitedMethods="0" numMethods="1" />
              <MetadataToken />
              <Name>System.Collections.Generic.IList`1&lt;TestingAndCalibrationLabs.Business.Common.ValidationMessage&gt; TestingAndCalibrationLabs.Business.Common.ResultBase::get_ValidationMessages()</Name>
              <FileRef uid="9" />
              <SequencePoints>
                <SequencePoint vc="0" uspid="17" ordinal="0" sl="17" sc="1" el="17" ec="2" bec="0" bev="0" fileid="9" />
              </SequencePoints>
              <BranchPoints />
              <MethodPoint vc="0" uspid="0" p8:type="SequencePoint" ordinal="0" offset="0" sc="0" sl="17" ec="1" el="17" bec="0" bev="0" fileid="9" xmlns:p8="xsi" />
            </Method>
            <Method cyclomaticComplexity="1" nPathComplexity="1" sequenceCoverage="0" branchCoverage="100" isConstructor="False" isGetter="False" isSetter="False" isStatic="True">
              <Summary numSequencePoints="3" visitedSequencePoints="0" numBranchPoints="0" visitedBranchPoints="0" sequenceCoverage="0" branchCoverage="100" maxCyclomaticComplexity="1" minCyclomaticComplexity="1" visitedClasses="0" numClasses="0" visitedMethods="0" numMethods="1" />
              <MetadataToken />
              <Name>System.Boolean TestingAndCalibrationLabs.Business.Common.ResultBase::HasFailureMessages()</Name>
              <FileRef uid="9" />
              <SequencePoints>
                <SequencePoint vc="0" uspid="27" ordinal="0" sl="27" sc="1" el="27" ec="2" bec="0" bev="0" fileid="9" />
                <SequencePoint vc="0" uspid="28" ordinal="1" sl="28" sc="1" el="28" ec="2" bec="0" bev="0" fileid="9" />
                <SequencePoint vc="0" uspid="29" ordinal="2" sl="29" sc="1" el="29" ec="2" bec="0" bev="0" fileid="9" />
              </SequencePoints>
              <BranchPoints />
              <MethodPoint vc="0" uspid="0" p8:type="SequencePoint" ordinal="1" offset="1" sc="0" sl="27" ec="1" el="29" bec="0" bev="0" fileid="9" xmlns:p8="xsi" />
            </Method>
          </Methods>
        </Class>
        <Class>
          <Summary numSequencePoints="11" visitedSequencePoints="0" numBranchPoints="2" visitedBranchPoints="0" sequenceCoverage="0" branchCoverage="0" maxCyclomaticComplexity="2" minCyclomaticComplexity="1" visitedClasses="0" numClasses="1" visitedMethods="0" numMethods="2" />
          <FullName>TestingAndCalibrationLabs.Business.Common.ReturnResultExtensions</FullName>
          <Methods>
            <Method cyclomaticComplexity="1" nPathComplexity="1" sequenceCoverage="0" branchCoverage="100" isConstructor="False" isGetter="False" isSetter="False" isStatic="True">
              <Summary numSequencePoints="3" visitedSequencePoints="0" numBranchPoints="0" visitedBranchPoints="0" sequenceCoverage="0" branchCoverage="100" maxCyclomaticComplexity="1" minCyclomaticComplexity="1" visitedClasses="0" numClasses="0" visitedMethods="0" numMethods="1" />
              <MetadataToken />
              <Name>System.Boolean TestingAndCalibrationLabs.Business.Common.ReturnResultExtensions::HasFailureValidationMessages(T)</Name>
              <FileRef uid="10" />
              <SequencePoints>
                <SequencePoint vc="0" uspid="14" ordinal="0" sl="14" sc="1" el="14" ec="2" bec="0" bev="0" fileid="10" />
                <SequencePoint vc="0" uspid="15" ordinal="1" sl="15" sc="1" el="15" ec="2" bec="0" bev="0" fileid="10" />
                <SequencePoint vc="0" uspid="16" ordinal="2" sl="16" sc="1" el="16" ec="2" bec="0" bev="0" fileid="10" />
              </SequencePoints>
              <BranchPoints />
              <MethodPoint vc="0" uspid="0" p8:type="SequencePoint" ordinal="0" offset="0" sc="0" sl="14" ec="1" el="16" bec="0" bev="0" fileid="10" xmlns:p8="xsi" />
            </Method>
            <Method cyclomaticComplexity="2" nPathComplexity="2" sequenceCoverage="0" branchCoverage="0" isConstructor="False" isGetter="False" isSetter="False" isStatic="True">
              <Summary numSequencePoints="8" visitedSequencePoints="0" numBranchPoints="2" visitedBranchPoints="0" sequenceCoverage="0" branchCoverage="0" maxCyclomaticComplexity="2" minCyclomaticComplexity="2" visitedClasses="0" numClasses="0" visitedMethods="0" numMethods="1" />
              <MetadataToken />
              <Name>System.Collections.Generic.IList`1&lt;TestingAndCalibrationLabs.Business.Common.ValidationMessage&gt; TestingAndCalibrationLabs.Business.Common.ReturnResultExtensions::GetFailureValidationMessages(T)</Name>
              <FileRef uid="10" />
              <SequencePoints>
                <SequencePoint vc="0" uspid="25" ordinal="0" sl="25" sc="1" el="25" ec="2" bec="0" bev="0" fileid="10" />
                <SequencePoint vc="0" uspid="26" ordinal="1" sl="26" sc="1" el="26" ec="2" bec="0" bev="0" fileid="10" />
                <SequencePoint vc="0" uspid="27" ordinal="2" sl="27" sc="1" el="27" ec="2" bec="2" bev="0" fileid="10" />
                <SequencePoint vc="0" uspid="28" ordinal="3" sl="28" sc="1" el="28" ec="2" bec="0" bev="0" fileid="10" />
                <SequencePoint vc="0" uspid="29" ordinal="4" sl="29" sc="1" el="29" ec="2" bec="0" bev="0" fileid="10" />
                <SequencePoint vc="0" uspid="30" ordinal="5" sl="30" sc="1" el="30" ec="2" bec="0" bev="0" fileid="10" />
                <SequencePoint vc="0" uspid="31" ordinal="6" sl="31" sc="1" el="31" ec="2" bec="0" bev="0" fileid="10" />
                <SequencePoint vc="0" uspid="32" ordinal="7" sl="32" sc="1" el="32" ec="2" bec="0" bev="0" fileid="10" />
              </SequencePoints>
              <BranchPoints>
                <BranchPoint vc="0" uspid="27" ordinal="0" path="0" offset="23" offsetend="25" sl="27" fileid="10" />
                <BranchPoint vc="0" uspid="27" ordinal="1" path="1" offset="23" offsetend="50" sl="27" fileid="10" />
              </BranchPoints>
              <MethodPoint vc="0" uspid="0" p8:type="SequencePoint" ordinal="1" offset="1" sc="0" sl="25" ec="1" el="32" bec="0" bev="0" fileid="10" xmlns:p8="xsi" />
            </Method>
          </Methods>
        </Class>
        <Class>
          <Summary numSequencePoints="4" visitedSequencePoints="0" numBranchPoints="0" visitedBranchPoints="0" sequenceCoverage="0" branchCoverage="100" maxCyclomaticComplexity="1" minCyclomaticComplexity="1" visitedClasses="0" numClasses="1" visitedMethods="0" numMethods="4" />
          <FullName>TestingAndCalibrationLabs.Business.Common.ValidationMessage</FullName>
          <Methods>
            <Method cyclomaticComplexity="1" nPathComplexity="1" sequenceCoverage="0" branchCoverage="100" isConstructor="False" isGetter="True" isSetter="False" isStatic="True">
              <Summary numSequencePoints="1" visitedSequencePoints="0" numBranchPoints="0" visitedBranchPoints="0" sequenceCoverage="0" branchCoverage="100" maxCyclomaticComplexity="1" minCyclomaticComplexity="1" visitedClasses="0" numClasses="0" visitedMethods="0" numMethods="1" />
              <MetadataToken />
              <Name>System.String TestingAndCalibrationLabs.Business.Common.ValidationMessage::get_Reason()</Name>
              <FileRef uid="11" />
              <SequencePoints>
                <SequencePoint vc="0" uspid="10" ordinal="0" sl="10" sc="1" el="10" ec="2" bec="0" bev="0" fileid="11" />
              </SequencePoints>
              <BranchPoints />
              <MethodPoint vc="0" uspid="0" p8:type="SequencePoint" ordinal="0" offset="0" sc="0" sl="10" ec="1" el="10" bec="0" bev="0" fileid="11" xmlns:p8="xsi" />
            </Method>
            <Method cyclomaticComplexity="1" nPathComplexity="1" sequenceCoverage="0" branchCoverage="100" isConstructor="False" isGetter="True" isSetter="False" isStatic="True">
              <Summary numSequencePoints="1" visitedSequencePoints="0" numBranchPoints="0" visitedBranchPoints="0" sequenceCoverage="0" branchCoverage="100" maxCyclomaticComplexity="1" minCyclomaticComplexity="1" visitedClasses="0" numClasses="0" visitedMethods="0" numMethods="1" />
              <MetadataToken />
              <Name>TestingAndCalibrationLabs.Business.Common.ValidationSeverity TestingAndCalibrationLabs.Business.Common.ValidationMessage::get_Severity()</Name>
              <FileRef uid="11" />
              <SequencePoints>
                <SequencePoint vc="0" uspid="12" ordinal="0" sl="12" sc="1" el="12" ec="2" bec="0" bev="0" fileid="11" />
              </SequencePoints>
              <BranchPoints />
              <MethodPoint vc="0" uspid="0" p8:type="SequencePoint" ordinal="1" offset="1" sc="0" sl="12" ec="1" el="12" bec="0" bev="0" fileid="11" xmlns:p8="xsi" />
            </Method>
            <Method cyclomaticComplexity="1" nPathComplexity="1" sequenceCoverage="0" branchCoverage="100" isConstructor="False" isGetter="True" isSetter="False" isStatic="True">
              <Summary numSequencePoints="1" visitedSequencePoints="0" numBranchPoints="0" visitedBranchPoints="0" sequenceCoverage="0" branchCoverage="100" maxCyclomaticComplexity="1" minCyclomaticComplexity="1" visitedClasses="0" numClasses="0" visitedMethods="0" numMethods="1" />
              <MetadataToken />
              <Name>System.String TestingAndCalibrationLabs.Business.Common.ValidationMessage::get_MessageKey()</Name>
              <FileRef uid="11" />
              <SequencePoints>
                <SequencePoint vc="0" uspid="13" ordinal="0" sl="13" sc="1" el="13" ec="2" bec="0" bev="0" fileid="11" />
              </SequencePoints>
              <BranchPoints />
              <MethodPoint vc="0" uspid="0" p8:type="SequencePoint" ordinal="2" offset="2" sc="0" sl="13" ec="1" el="13" bec="0" bev="0" fileid="11" xmlns:p8="xsi" />
            </Method>
            <Method cyclomaticComplexity="1" nPathComplexity="1" sequenceCoverage="0" branchCoverage="100" isConstructor="False" isGetter="True" isSetter="False" isStatic="True">
              <Summary numSequencePoints="1" visitedSequencePoints="0" numBranchPoints="0" visitedBranchPoints="0" sequenceCoverage="0" branchCoverage="100" maxCyclomaticComplexity="1" minCyclomaticComplexity="1" visitedClasses="0" numClasses="0" visitedMethods="0" numMethods="1" />
              <MetadataToken />
              <Name>System.String TestingAndCalibrationLabs.Business.Common.ValidationMessage::get_Description()</Name>
              <FileRef uid="11" />
              <SequencePoints>
                <SequencePoint vc="0" uspid="15" ordinal="0" sl="15" sc="1" el="15" ec="2" bec="0" bev="0" fileid="11" />
              </SequencePoints>
              <BranchPoints />
              <MethodPoint vc="0" uspid="0" p8:type="SequencePoint" ordinal="3" offset="3" sc="0" sl="15" ec="1" el="15" bec="0" bev="0" fileid="11" xmlns:p8="xsi" />
            </Method>
          </Methods>
        </Class>
      </Classes>
    </Module>
    <Module hash="0B73F44D-4E0E-413E-9259-0C7909DEA35A">
      <ModulePath>TestingAndCalibrationLabs.Web.UI.dll</ModulePath>
      <ModuleTime>2022-04-01T04:28:05</ModuleTime>
      <ModuleName>TestingAndCalibrationLabs.Web.UI</ModuleName>
      <Files>
        <File uid="12" fullPath="C:\sss\TestingAndCalibrationLabs\TestingAndCalibrationLabs\TestingAndCalibrationLabs.Web.UI\Program.cs" />
        <File uid="13" fullPath="C:\sss\TestingAndCalibrationLabs\TestingAndCalibrationLabs\TestingAndCalibrationLabs.Web.UI\Startup.cs" />
        <File uid="14" fullPath="C:\sss\TestingAndCalibrationLabs\TestingAndCalibrationLabs\TestingAndCalibrationLabs.Web.UI\Models\ErrorViewModelDTO.cs" />
        <File uid="15" fullPath="C:\sss\TestingAndCalibrationLabs\TestingAndCalibrationLabs\TestingAndCalibrationLabs.Web.UI\Models\TestPlanModelDTO.cs" />
        <File uid="16" fullPath="C:\sss\TestingAndCalibrationLabs\TestingAndCalibrationLabs\TestingAndCalibrationLabs.Web.UI\Models\Sample\SampleModelDTO.cs" />
        <File uid="17" fullPath="C:\sss\TestingAndCalibrationLabs\TestingAndCalibrationLabs\TestingAndCalibrationLabs.Web.UI\Mappers\MappingProfile.cs" />
        <File uid="18" fullPath="C:\sss\TestingAndCalibrationLabs\TestingAndCalibrationLabs\TestingAndCalibrationLabs.Web.UI\Controllers\HomeController.cs" />
        <File uid="19" fullPath="C:\sss\TestingAndCalibrationLabs\TestingAndCalibrationLabs\TestingAndCalibrationLabs.Web.UI\Controllers\SampleController.cs" />
      </Files>
      <Classes>
        <Class>
          <Summary numSequencePoints="8" visitedSequencePoints="0" numBranchPoints="0" visitedBranchPoints="0" sequenceCoverage="0" branchCoverage="100" maxCyclomaticComplexity="1" minCyclomaticComplexity="1" visitedClasses="0" numClasses="1" visitedMethods="0" numMethods="2" />
          <FullName>TestingAndCalibrationLabs.Web.UI.Program</FullName>
          <Methods>
            <Method cyclomaticComplexity="1" nPathComplexity="1" sequenceCoverage="0" branchCoverage="100" isConstructor="False" isGetter="False" isSetter="False" isStatic="True">
              <Summary numSequencePoints="3" visitedSequencePoints="0" numBranchPoints="0" visitedBranchPoints="0" sequenceCoverage="0" branchCoverage="100" maxCyclomaticComplexity="1" minCyclomaticComplexity="1" visitedClasses="0" numClasses="0" visitedMethods="0" numMethods="1" />
              <MetadataToken />
              <Name>System.Void TestingAndCalibrationLabs.Web.UI.Program::Main(System.String[])</Name>
              <FileRef uid="12" />
              <SequencePoints>
                <SequencePoint vc="0" uspid="15" ordinal="0" sl="15" sc="1" el="15" ec="2" bec="0" bev="0" fileid="12" />
                <SequencePoint vc="0" uspid="16" ordinal="1" sl="16" sc="1" el="16" ec="2" bec="0" bev="0" fileid="12" />
                <SequencePoint vc="0" uspid="17" ordinal="2" sl="17" sc="1" el="17" ec="2" bec="0" bev="0" fileid="12" />
              </SequencePoints>
              <BranchPoints />
              <MethodPoint vc="0" uspid="0" p8:type="SequencePoint" ordinal="0" offset="0" sc="0" sl="15" ec="1" el="17" bec="0" bev="0" fileid="12" xmlns:p8="xsi" />
            </Method>
            <Method cyclomaticComplexity="1" nPathComplexity="1" sequenceCoverage="0" branchCoverage="100" isConstructor="False" isGetter="False" isSetter="False" isStatic="True">
              <Summary numSequencePoints="5" visitedSequencePoints="0" numBranchPoints="0" visitedBranchPoints="0" sequenceCoverage="0" branchCoverage="100" maxCyclomaticComplexity="1" minCyclomaticComplexity="1" visitedClasses="0" numClasses="0" visitedMethods="0" numMethods="1" />
              <MetadataToken />
              <Name>Microsoft.Extensions.Hosting.IHostBuilder TestingAndCalibrationLabs.Web.UI.Program::CreateHostBuilder(System.String[])</Name>
              <FileRef uid="12" />
              <SequencePoints>
                <SequencePoint vc="0" uspid="20" ordinal="0" sl="20" sc="1" el="20" ec="2" bec="0" bev="0" fileid="12" />
                <SequencePoint vc="0" uspid="21" ordinal="1" sl="21" sc="1" el="21" ec="2" bec="0" bev="0" fileid="12" />
                <SequencePoint vc="0" uspid="22" ordinal="2" sl="22" sc="1" el="22" ec="2" bec="0" bev="0" fileid="12" />
                <SequencePoint vc="0" uspid="23" ordinal="3" sl="23" sc="1" el="23" ec="2" bec="0" bev="0" fileid="12" />
                <SequencePoint vc="0" uspid="24" ordinal="4" sl="24" sc="1" el="24" ec="2" bec="0" bev="0" fileid="12" />
              </SequencePoints>
              <BranchPoints />
              <MethodPoint vc="0" uspid="0" p8:type="SequencePoint" ordinal="1" offset="1" sc="0" sl="20" ec="1" el="24" bec="0" bev="0" fileid="12" xmlns:p8="xsi" />
            </Method>
          </Methods>
        </Class>
        <Class>
          <Summary numSequencePoints="33" visitedSequencePoints="0" numBranchPoints="2" visitedBranchPoints="0" sequenceCoverage="0" branchCoverage="0" maxCyclomaticComplexity="2" minCyclomaticComplexity="1" visitedClasses="0" numClasses="1" visitedMethods="0" numMethods="4" />
          <FullName>TestingAndCalibrationLabs.Web.UI.Startup</FullName>
          <Methods>
            <Method cyclomaticComplexity="1" nPathComplexity="1" sequenceCoverage="0" branchCoverage="100" isConstructor="False" isGetter="True" isSetter="False" isStatic="True">
              <Summary numSequencePoints="1" visitedSequencePoints="0" numBranchPoints="0" visitedBranchPoints="0" sequenceCoverage="0" branchCoverage="100" maxCyclomaticComplexity="1" minCyclomaticComplexity="1" visitedClasses="0" numClasses="0" visitedMethods="0" numMethods="1" />
              <MetadataToken />
              <Name>Microsoft.Extensions.Configuration.IConfiguration TestingAndCalibrationLabs.Web.UI.Startup::get_Configuration()</Name>
              <FileRef uid="13" />
              <SequencePoints>
                <SequencePoint vc="0" uspid="21" ordinal="0" sl="21" sc="1" el="21" ec="2" bec="0" bev="0" fileid="13" />
              </SequencePoints>
              <BranchPoints />
              <MethodPoint vc="0" uspid="0" p8:type="SequencePoint" ordinal="0" offset="0" sc="0" sl="21" ec="1" el="21" bec="0" bev="0" fileid="13" xmlns:p8="xsi" />
            </Method>
            <Method cyclomaticComplexity="1" nPathComplexity="1" sequenceCoverage="0" branchCoverage="100" isConstructor="False" isGetter="False" isSetter="False" isStatic="True">
              <Summary numSequencePoints="8" visitedSequencePoints="0" numBranchPoints="0" visitedBranchPoints="0" sequenceCoverage="0" branchCoverage="100" maxCyclomaticComplexity="1" minCyclomaticComplexity="1" visitedClasses="0" numClasses="0" visitedMethods="0" numMethods="1" />
              <MetadataToken />
              <Name>System.Void TestingAndCalibrationLabs.Web.UI.Startup::ConfigureServices(Microsoft.Extensions.DependencyInjection.IServiceCollection)</Name>
              <FileRef uid="13" />
              <SequencePoints>
                <SequencePoint vc="0" uspid="25" ordinal="0" sl="25" sc="1" el="25" ec="2" bec="0" bev="0" fileid="13" />
                <SequencePoint vc="0" uspid="26" ordinal="1" sl="26" sc="1" el="26" ec="2" bec="0" bev="0" fileid="13" />
                <SequencePoint vc="0" uspid="27" ordinal="2" sl="27" sc="1" el="27" ec="2" bec="0" bev="0" fileid="13" />
                <SequencePoint vc="0" uspid="28" ordinal="3" sl="28" sc="1" el="28" ec="2" bec="0" bev="0" fileid="13" />
                <SequencePoint vc="0" uspid="30" ordinal="4" sl="30" sc="1" el="30" ec="2" bec="0" bev="0" fileid="13" />
                <SequencePoint vc="0" uspid="33" ordinal="5" sl="33" sc="1" el="33" ec="2" bec="0" bev="0" fileid="13" />
                <SequencePoint vc="0" uspid="34" ordinal="6" sl="34" sc="1" el="34" ec="2" bec="0" bev="0" fileid="13" />
                <SequencePoint vc="0" uspid="35" ordinal="7" sl="35" sc="1" el="35" ec="2" bec="0" bev="0" fileid="13" />
              </SequencePoints>
              <BranchPoints />
              <MethodPoint vc="0" uspid="0" p8:type="SequencePoint" ordinal="1" offset="1" sc="0" sl="25" ec="1" el="35" bec="0" bev="0" fileid="13" xmlns:p8="xsi" />
            </Method>
            <Method cyclomaticComplexity="2" nPathComplexity="2" sequenceCoverage="0" branchCoverage="0" isConstructor="False" isGetter="False" isSetter="False" isStatic="True">
              <Summary numSequencePoints="20" visitedSequencePoints="0" numBranchPoints="2" visitedBranchPoints="0" sequenceCoverage="0" branchCoverage="0" maxCyclomaticComplexity="2" minCyclomaticComplexity="2" visitedClasses="0" numClasses="0" visitedMethods="0" numMethods="1" />
              <MetadataToken />
              <Name>System.Void TestingAndCalibrationLabs.Web.UI.Startup::Configure(Microsoft.AspNetCore.Builder.IApplicationBuilder,Microsoft.AspNetCore.Hosting.IWebHostEnvironment)</Name>
              <FileRef uid="13" />
              <SequencePoints>
                <SequencePoint vc="0" uspid="39" ordinal="0" sl="39" sc="1" el="39" ec="2" bec="0" bev="0" fileid="13" />
                <SequencePoint vc="0" uspid="40" ordinal="1" sl="40" sc="1" el="40" ec="2" bec="2" bev="0" fileid="13" />
                <SequencePoint vc="0" uspid="41" ordinal="2" sl="41" sc="1" el="41" ec="2" bec="0" bev="0" fileid="13" />
                <SequencePoint vc="0" uspid="42" ordinal="3" sl="42" sc="1" el="42" ec="2" bec="0" bev="0" fileid="13" />
                <SequencePoint vc="0" uspid="43" ordinal="4" sl="43" sc="1" el="43" ec="2" bec="0" bev="0" fileid="13" />
                <SequencePoint vc="0" uspid="45" ordinal="5" sl="45" sc="1" el="45" ec="2" bec="0" bev="0" fileid="13" />
                <SequencePoint vc="0" uspid="46" ordinal="6" sl="46" sc="1" el="46" ec="2" bec="0" bev="0" fileid="13" />
                <SequencePoint vc="0" uspid="48" ordinal="7" sl="48" sc="1" el="48" ec="2" bec="0" bev="0" fileid="13" />
                <SequencePoint vc="0" uspid="49" ordinal="8" sl="49" sc="1" el="49" ec="2" bec="0" bev="0" fileid="13" />
                <SequencePoint vc="0" uspid="50" ordinal="9" sl="50" sc="1" el="50" ec="2" bec="0" bev="0" fileid="13" />
                <SequencePoint vc="0" uspid="51" ordinal="10" sl="51" sc="1" el="51" ec="2" bec="0" bev="0" fileid="13" />
                <SequencePoint vc="0" uspid="53" ordinal="11" sl="53" sc="1" el="53" ec="2" bec="0" bev="0" fileid="13" />
                <SequencePoint vc="0" uspid="55" ordinal="12" sl="55" sc="1" el="55" ec="2" bec="0" bev="0" fileid="13" />
                <SequencePoint vc="0" uspid="57" ordinal="13" sl="57" sc="1" el="57" ec="2" bec="0" bev="0" fileid="13" />
                <SequencePoint vc="0" uspid="58" ordinal="14" sl="58" sc="1" el="58" ec="2" bec="0" bev="0" fileid="13" />
                <SequencePoint vc="0" uspid="59" ordinal="15" sl="59" sc="1" el="59" ec="2" bec="0" bev="0" fileid="13" />
                <SequencePoint vc="0" uspid="60" ordinal="16" sl="60" sc="1" el="60" ec="2" bec="0" bev="0" fileid="13" />
                <SequencePoint vc="0" uspid="61" ordinal="17" sl="61" sc="1" el="61" ec="2" bec="0" bev="0" fileid="13" />
                <SequencePoint vc="0" uspid="62" ordinal="18" sl="62" sc="1" el="62" ec="2" bec="0" bev="0" fileid="13" />
                <SequencePoint vc="0" uspid="63" ordinal="19" sl="63" sc="1" el="63" ec="2" bec="0" bev="0" fileid="13" />
              </SequencePoints>
              <BranchPoints>
                <BranchPoint vc="0" uspid="40" ordinal="0" path="0" offset="9" offsetend="11" sl="40" fileid="13" />
                <BranchPoint vc="0" uspid="40" ordinal="1" path="1" offset="9" offsetend="22" sl="40" fileid="13" />
              </BranchPoints>
              <MethodPoint vc="0" uspid="0" p8:type="SequencePoint" ordinal="2" offset="2" sc="0" sl="39" ec="1" el="63" bec="0" bev="0" fileid="13" xmlns:p8="xsi" />
            </Method>
            <Method cyclomaticComplexity="1" nPathComplexity="1" sequenceCoverage="0" branchCoverage="100" isConstructor="True" isGetter="False" isSetter="False" isStatic="True">
              <Summary numSequencePoints="4" visitedSequencePoints="0" numBranchPoints="0" visitedBranchPoints="0" sequenceCoverage="0" branchCoverage="100" maxCyclomaticComplexity="1" minCyclomaticComplexity="1" visitedClasses="0" numClasses="0" visitedMethods="0" numMethods="1" />
              <MetadataToken />
              <Name>System.Void TestingAndCalibrationLabs.Web.UI.Startup::.ctor(Microsoft.Extensions.Configuration.IConfiguration)</Name>
              <FileRef uid="13" />
              <SequencePoints>
                <SequencePoint vc="0" uspid="16" ordinal="0" sl="16" sc="1" el="16" ec="2" bec="0" bev="0" fileid="13" />
                <SequencePoint vc="0" uspid="17" ordinal="1" sl="17" sc="1" el="17" ec="2" bec="0" bev="0" fileid="13" />
                <SequencePoint vc="0" uspid="18" ordinal="2" sl="18" sc="1" el="18" ec="2" bec="0" bev="0" fileid="13" />
                <SequencePoint vc="0" uspid="19" ordinal="3" sl="19" sc="1" el="19" ec="2" bec="0" bev="0" fileid="13" />
              </SequencePoints>
              <BranchPoints />
              <MethodPoint vc="0" uspid="0" p8:type="SequencePoint" ordinal="3" offset="3" sc="0" sl="16" ec="1" el="19" bec="0" bev="0" fileid="13" xmlns:p8="xsi" />
            </Method>
          </Methods>
        </Class>
        <Class>
          <Summary numSequencePoints="2" visitedSequencePoints="0" numBranchPoints="0" visitedBranchPoints="0" sequenceCoverage="0" branchCoverage="100" maxCyclomaticComplexity="1" minCyclomaticComplexity="1" visitedClasses="0" numClasses="1" visitedMethods="0" numMethods="2" />
          <FullName>TestingAndCalibrationLabs.Web.UI.Models.ErrorViewModel</FullName>
          <Methods>
            <Method cyclomaticComplexity="1" nPathComplexity="1" sequenceCoverage="0" branchCoverage="100" isConstructor="False" isGetter="True" isSetter="False" isStatic="True">
              <Summary numSequencePoints="1" visitedSequencePoints="0" numBranchPoints="0" visitedBranchPoints="0" sequenceCoverage="0" branchCoverage="100" maxCyclomaticComplexity="1" minCyclomaticComplexity="1" visitedClasses="0" numClasses="0" visitedMethods="0" numMethods="1" />
              <MetadataToken />
              <Name>System.String TestingAndCalibrationLabs.Web.UI.Models.ErrorViewModel::get_RequestId()</Name>
              <FileRef uid="14" />
              <SequencePoints>
                <SequencePoint vc="0" uspid="7" ordinal="0" sl="7" sc="1" el="7" ec="2" bec="0" bev="0" fileid="14" />
              </SequencePoints>
              <BranchPoints />
              <MethodPoint vc="0" uspid="0" p8:type="SequencePoint" ordinal="0" offset="0" sc="0" sl="7" ec="1" el="7" bec="0" bev="0" fileid="14" xmlns:p8="xsi" />
            </Method>
            <Method cyclomaticComplexity="1" nPathComplexity="1" sequenceCoverage="0" branchCoverage="100" isConstructor="False" isGetter="True" isSetter="False" isStatic="True">
              <Summary numSequencePoints="1" visitedSequencePoints="0" numBranchPoints="0" visitedBranchPoints="0" sequenceCoverage="0" branchCoverage="100" maxCyclomaticComplexity="1" minCyclomaticComplexity="1" visitedClasses="0" numClasses="0" visitedMethods="0" numMethods="1" />
              <MetadataToken />
              <Name>System.Boolean TestingAndCalibrationLabs.Web.UI.Models.ErrorViewModel::get_ShowRequestId()</Name>
              <FileRef uid="14" />
              <SequencePoints>
                <SequencePoint vc="0" uspid="9" ordinal="0" sl="9" sc="1" el="9" ec="2" bec="0" bev="0" fileid="14" />
              </SequencePoints>
              <BranchPoints />
              <MethodPoint vc="0" uspid="0" p8:type="SequencePoint" ordinal="1" offset="1" sc="0" sl="9" ec="1" el="9" bec="0" bev="0" fileid="14" xmlns:p8="xsi" />
            </Method>
          </Methods>
        </Class>
        <Class>
          <Summary numSequencePoints="2" visitedSequencePoints="0" numBranchPoints="0" visitedBranchPoints="0" sequenceCoverage="0" branchCoverage="100" maxCyclomaticComplexity="1" minCyclomaticComplexity="1" visitedClasses="0" numClasses="1" visitedMethods="0" numMethods="2" />
          <FullName>TestingAndCalibrationLabs.Web.UI.Models.TestPlanModelDTO</FullName>
          <Methods>
            <Method cyclomaticComplexity="1" nPathComplexity="1" sequenceCoverage="0" branchCoverage="100" isConstructor="False" isGetter="True" isSetter="False" isStatic="True">
              <Summary numSequencePoints="1" visitedSequencePoints="0" numBranchPoints="0" visitedBranchPoints="0" sequenceCoverage="0" branchCoverage="100" maxCyclomaticComplexity="1" minCyclomaticComplexity="1" visitedClasses="0" numClasses="0" visitedMethods="0" numMethods="1" />
              <MetadataToken />
              <Name>System.Int32 TestingAndCalibrationLabs.Web.UI.Models.TestPlanModelDTO::get_Id()</Name>
              <FileRef uid="15" />
              <SequencePoints>
                <SequencePoint vc="0" uspid="8" ordinal="0" sl="8" sc="1" el="8" ec="2" bec="0" bev="0" fileid="15" />
              </SequencePoints>
              <BranchPoints />
              <MethodPoint vc="0" uspid="0" p8:type="SequencePoint" ordinal="0" offset="0" sc="0" sl="8" ec="1" el="8" bec="0" bev="0" fileid="15" xmlns:p8="xsi" />
            </Method>
            <Method cyclomaticComplexity="1" nPathComplexity="1" sequenceCoverage="0" branchCoverage="100" isConstructor="False" isGetter="True" isSetter="False" isStatic="True">
              <Summary numSequencePoints="1" visitedSequencePoints="0" numBranchPoints="0" visitedBranchPoints="0" sequenceCoverage="0" branchCoverage="100" maxCyclomaticComplexity="1" minCyclomaticComplexity="1" visitedClasses="0" numClasses="0" visitedMethods="0" numMethods="1" />
              <MetadataToken />
              <Name>System.String TestingAndCalibrationLabs.Web.UI.Models.TestPlanModelDTO::get_Name()</Name>
              <FileRef uid="15" />
              <SequencePoints>
                <SequencePoint vc="0" uspid="10" ordinal="0" sl="10" sc="1" el="10" ec="2" bec="0" bev="0" fileid="15" />
              </SequencePoints>
              <BranchPoints />
              <MethodPoint vc="0" uspid="0" p8:type="SequencePoint" ordinal="1" offset="1" sc="0" sl="10" ec="1" el="10" bec="0" bev="0" fileid="15" xmlns:p8="xsi" />
            </Method>
          </Methods>
        </Class>
        <Class>
          <Summary numSequencePoints="3" visitedSequencePoints="3" numBranchPoints="0" visitedBranchPoints="0" sequenceCoverage="100" branchCoverage="100" maxCyclomaticComplexity="1" minCyclomaticComplexity="1" visitedClasses="1" numClasses="1" visitedMethods="3" numMethods="3" />
          <FullName>TestingAndCalibrationLabs.Web.UI.Models.Sample.SampleModelDTO</FullName>
          <Methods>
            <Method cyclomaticComplexity="1" nPathComplexity="1" sequenceCoverage="100" branchCoverage="100" isConstructor="False" isGetter="True" isSetter="False" isStatic="True">
              <Summary numSequencePoints="1" visitedSequencePoints="1" numBranchPoints="0" visitedBranchPoints="0" sequenceCoverage="100" branchCoverage="100" maxCyclomaticComplexity="1" minCyclomaticComplexity="1" visitedClasses="0" numClasses="0" visitedMethods="1" numMethods="1" />
              <MetadataToken />
              <Name>System.Int32 TestingAndCalibrationLabs.Web.UI.Models.Sample.SampleModelDTO::get_Id()</Name>
              <FileRef uid="16" />
              <SequencePoints>
                <SequencePoint vc="3" uspid="11" ordinal="0" sl="11" sc="1" el="11" ec="2" bec="0" bev="0" fileid="16" />
              </SequencePoints>
              <BranchPoints />
              <MethodPoint vc="1" uspid="0" p8:type="SequencePoint" ordinal="0" offset="0" sc="0" sl="11" ec="1" el="11" bec="0" bev="0" fileid="16" xmlns:p8="xsi" />
            </Method>
[...]
                <SequencePoint vc="0" uspid="54" ordinal="3" sl="54" sc="1" el="54" ec="2" bec="0" bev="0" fileid="19" />
                <SequencePoint vc="0" uspid="56" ordinal="4" sl="56" sc="1" el="56" ec="2" bec="0" bev="0" fileid="19" />
                <SequencePoint vc="0" uspid="57" ordinal="5" sl="57" sc="1" el="57" ec="2" bec="2" bev="0" fileid="19" />
                <SequencePoint vc="0" uspid="58" ordinal="6" sl="58" sc="1" el="58" ec="2" bec="0" bev="0" fileid="19" />
                <SequencePoint vc="0" uspid="59" ordinal="7" sl="59" sc="1" el="59" ec="2" bec="0" bev="0" fileid="19" />
                <SequencePoint vc="0" uspid="61" ordinal="8" sl="61" sc="1" el="61" ec="2" bec="0" bev="0" fileid="19" />
                <SequencePoint vc="0" uspid="62" ordinal="9" sl="62" sc="1" el="62" ec="2" bec="0" bev="0" fileid="19" />
                <SequencePoint vc="0" uspid="63" ordinal="10" sl="63" sc="1" el="63" ec="2" bec="0" bev="0" fileid="19" />
                <SequencePoint vc="0" uspid="64" ordinal="11" sl="64" sc="1" el="64" ec="2" bec="0" bev="0" fileid="19" />
                <SequencePoint vc="0" uspid="65" ordinal="12" sl="65" sc="1" el="65" ec="2" bec="0" bev="0" fileid="19" />
                <SequencePoint vc="0" uspid="66" ordinal="13" sl="66" sc="1" el="66" ec="2" bec="0" bev="0" fileid="19" />
                <SequencePoint vc="0" uspid="67" ordinal="14" sl="67" sc="1" el="67" ec="2" bec="0" bev="0" fileid="19" />
                <SequencePoint vc="0" uspid="68" ordinal="15" sl="68" sc="1" el="68" ec="2" bec="0" bev="0" fileid="19" />
              </SequencePoints>
              <BranchPoints>
                <BranchPoint vc="0" uspid="52" ordinal="0" path="0" offset="13" offsetend="15" sl="52" fileid="19" />
                <BranchPoint vc="0" uspid="52" ordinal="1" path="1" offset="13" offsetend="25" sl="52" fileid="19" />
                <BranchPoint vc="0" uspid="57" ordinal="2" path="0" offset="52" offsetend="54" sl="57" fileid="19" />
                <BranchPoint vc="0" uspid="57" ordinal="3" path="1" offset="52" offsetend="64" sl="57" fileid="19" />
              </BranchPoints>
              <MethodPoint vc="0" uspid="0" p8:type="SequencePoint" ordinal="1" offset="1" sc="0" sl="51" ec="1" el="68" bec="0" bev="0" fileid="19" xmlns:p8="xsi" />
            </Method>
            <Method cyclomaticComplexity="1" nPathComplexity="1" sequenceCoverage="100" branchCoverage="100" isConstructor="False" isGetter="False" isSetter="False" isStatic="True">
              <Summary numSequencePoints="3" visitedSequencePoints="3" numBranchPoints="0" visitedBranchPoints="0" sequenceCoverage="100" branchCoverage="100" maxCyclomaticComplexity="1" minCyclomaticComplexity="1" visitedClasses="0" numClasses="0" visitedMethods="1" numMethods="1" />
              <MetadataToken />
              <Name>Microsoft.AspNetCore.Mvc.ActionResult TestingAndCalibrationLabs.Web.UI.Controllers.SampleController::Create(System.Int32)</Name>
              <FileRef uid="19" />
              <SequencePoints>
                <SequencePoint vc="1" uspid="77" ordinal="0" sl="77" sc="1" el="77" ec="2" bec="0" bev="0" fileid="19" />
                <SequencePoint vc="1" uspid="78" ordinal="1" sl="78" sc="1" el="78" ec="2" bec="0" bev="0" fileid="19" />
                <SequencePoint vc="1" uspid="79" ordinal="2" sl="79" sc="1" el="79" ec="2" bec="0" bev="0" fileid="19" />
              </SequencePoints>
              <BranchPoints />
              <MethodPoint vc="3" uspid="0" p8:type="SequencePoint" ordinal="2" offset="2" sc="0" sl="77" ec="1" el="79" bec="0" bev="0" fileid="19" xmlns:p8="xsi" />
            </Method>
            <Method cyclomaticComplexity="2" nPathComplexity="2" sequenceCoverage="0" branchCoverage="0" isConstructor="False" isGetter="False" isSetter="False" isStatic="True">
              <Summary numSequencePoints="8" visitedSequencePoints="0" numBranchPoints="2" visitedBranchPoints="0" sequenceCoverage="0" branchCoverage="0" maxCyclomaticComplexity="2" minCyclomaticComplexity="2" visitedClasses="0" numClasses="0" visitedMethods="0" numMethods="1" />
              <MetadataToken />
              <Name>Microsoft.AspNetCore.Mvc.ActionResult TestingAndCalibrationLabs.Web.UI.Controllers.SampleController::Create(TestingAndCalibrationLabs.Web.UI.Models.Sample.SampleModelDTO)</Name>
              <FileRef uid="19" />
              <SequencePoints>
                <SequencePoint vc="0" uspid="88" ordinal="0" sl="88" sc="1" el="88" ec="2" bec="0" bev="0" fileid="19" />
                <SequencePoint vc="0" uspid="89" ordinal="1" sl="89" sc="1" el="89" ec="2" bec="2" bev="0" fileid="19" />
                <SequencePoint vc="0" uspid="90" ordinal="2" sl="90" sc="1" el="90" ec="2" bec="0" bev="0" fileid="19" />
                <SequencePoint vc="0" uspid="91" ordinal="3" sl="91" sc="1" el="91" ec="2" bec="0" bev="0" fileid="19" />
                <SequencePoint vc="0" uspid="92" ordinal="4" sl="92" sc="1" el="92" ec="2" bec="0" bev="0" fileid="19" />
                <SequencePoint vc="0" uspid="93" ordinal="5" sl="93" sc="1" el="93" ec="2" bec="0" bev="0" fileid="19" />
                <SequencePoint vc="0" uspid="95" ordinal="6" sl="95" sc="1" el="95" ec="2" bec="0" bev="0" fileid="19" />
                <SequencePoint vc="0" uspid="96" ordinal="7" sl="96" sc="1" el="96" ec="2" bec="0" bev="0" fileid="19" />
              </SequencePoints>
              <BranchPoints>
                <BranchPoint vc="0" uspid="89" ordinal="0" path="0" offset="14" offsetend="16" sl="89" fileid="19" />
                <BranchPoint vc="0" uspid="89" ordinal="1" path="1" offset="14" offsetend="57" sl="89" fileid="19" />
              </BranchPoints>
              <MethodPoint vc="0" uspid="0" p8:type="SequencePoint" ordinal="3" offset="3" sc="0" sl="88" ec="1" el="96" bec="0" bev="0" fileid="19" xmlns:p8="xsi" />
            </Method>
            <Method cyclomaticComplexity="4" nPathComplexity="4" sequenceCoverage="75" branchCoverage="50" isConstructor="False" isGetter="False" isSetter="False" isStatic="True">
              <Summary numSequencePoints="16" visitedSequencePoints="12" numBranchPoints="4" visitedBranchPoints="2" sequenceCoverage="75" branchCoverage="50" maxCyclomaticComplexity="4" minCyclomaticComplexity="4" visitedClasses="0" numClasses="0" visitedMethods="1" numMethods="1" />
              <MetadataToken />
              <Name>Microsoft.AspNetCore.Mvc.ActionResult TestingAndCalibrationLabs.Web.UI.Controllers.SampleController::Edit(System.Nullable`1&lt;System.Int32&gt;)</Name>
              <FileRef uid="19" />
              <SequencePoints>
                <SequencePoint vc="1" uspid="105" ordinal="0" sl="105" sc="1" el="105" ec="2" bec="0" bev="0" fileid="19" />
                <SequencePoint vc="1" uspid="106" ordinal="1" sl="106" sc="1" el="106" ec="2" bec="2" bev="1" fileid="19" />
                <SequencePoint vc="0" uspid="107" ordinal="2" sl="107" sc="1" el="107" ec="2" bec="0" bev="0" fileid="19" />
                <SequencePoint vc="0" uspid="108" ordinal="3" sl="108" sc="1" el="108" ec="2" bec="0" bev="0" fileid="19" />
                <SequencePoint vc="1" uspid="110" ordinal="4" sl="110" sc="1" el="110" ec="2" bec="0" bev="0" fileid="19" />
                <SequencePoint vc="1" uspid="111" ordinal="5" sl="111" sc="1" el="111" ec="2" bec="2" bev="1" fileid="19" />
                <SequencePoint vc="0" uspid="112" ordinal="6" sl="112" sc="1" el="112" ec="2" bec="0" bev="0" fileid="19" />
                <SequencePoint vc="0" uspid="113" ordinal="7" sl="113" sc="1" el="113" ec="2" bec="0" bev="0" fileid="19" />
                <SequencePoint vc="1" uspid="115" ordinal="8" sl="115" sc="1" el="115" ec="2" bec="0" bev="0" fileid="19" />
                <SequencePoint vc="1" uspid="116" ordinal="9" sl="116" sc="1" el="116" ec="2" bec="0" bev="0" fileid="19" />
                <SequencePoint vc="1" uspid="117" ordinal="10" sl="117" sc="1" el="117" ec="2" bec="0" bev="0" fileid="19" />
                <SequencePoint vc="1" uspid="118" ordinal="11" sl="118" sc="1" el="118" ec="2" bec="0" bev="0" fileid="19" />
                <SequencePoint vc="1" uspid="119" ordinal="12" sl="119" sc="1" el="119" ec="2" bec="0" bev="0" fileid="19" />
                <SequencePoint vc="1" uspid="120" ordinal="13" sl="120" sc="1" el="120" ec="2" bec="0" bev="0" fileid="19" />
                <SequencePoint vc="1" uspid="121" ordinal="14" sl="121" sc="1" el="121" ec="2" bec="0" bev="0" fileid="19" />
                <SequencePoint vc="1" uspid="122" ordinal="15" sl="122" sc="1" el="122" ec="2" bec="0" bev="0" fileid="19" />
              </SequencePoints>
              <BranchPoints>
                <BranchPoint vc="0" uspid="106" ordinal="0" path="0" offset="13" offsetend="15" sl="106" fileid="19" />
                <BranchPoint vc="1" uspid="106" ordinal="1" path="1" offset="13" offsetend="25" sl="106" fileid="19" />
                <BranchPoint vc="0" uspid="111" ordinal="2" path="0" offset="52" offsetend="54" sl="111" fileid="19" />
                <BranchPoint vc="1" uspid="111" ordinal="3" path="1" offset="52" offsetend="64" sl="111" fileid="19" />
              </BranchPoints>
              <MethodPoint vc="12" uspid="0" p8:type="SequencePoint" ordinal="4" offset="4" sc="0" sl="105" ec="1" el="122" bec="0" bev="0" fileid="19" xmlns:p8="xsi" />
            </Method>
            <Method cyclomaticComplexity="4" nPathComplexity="4" sequenceCoverage="0" branchCoverage="0" isConstructor="False" isGetter="False" isSetter="False" isStatic="True">
              <Summary numSequencePoints="11" visitedSequencePoints="0" numBranchPoints="4" visitedBranchPoints="0" sequenceCoverage="0" branchCoverage="0" maxCyclomaticComplexity="4" minCyclomaticComplexity="4" visitedClasses="0" numClasses="0" visitedMethods="0" numMethods="1" />
              <MetadataToken />
              <Name>Microsoft.AspNetCore.Mvc.ActionResult TestingAndCalibrationLabs.Web.UI.Controllers.SampleController::Edit(System.Int32,TestingAndCalibrationLabs.Web.UI.Models.Sample.SampleModelDTO)</Name>
              <FileRef uid="19" />
              <SequencePoints>
                <SequencePoint vc="0" uspid="132" ordinal="0" sl="132" sc="1" el="132" ec="2" bec="0" bev="0" fileid="19" />
                <SequencePoint vc="0" uspid="133" ordinal="1" sl="133" sc="1" el="133" ec="2" bec="2" bev="0" fileid="19" />
                <SequencePoint vc="0" uspid="134" ordinal="2" sl="134" sc="1" el="134" ec="2" bec="0" bev="0" fileid="19" />
                <SequencePoint vc="0" uspid="135" ordinal="3" sl="135" sc="1" el="135" ec="2" bec="0" bev="0" fileid="19" />
                <SequencePoint vc="0" uspid="137" ordinal="4" sl="137" sc="1" el="137" ec="2" bec="2" bev="0" fileid="19" />
                <SequencePoint vc="0" uspid="138" ordinal="5" sl="138" sc="1" el="138" ec="2" bec="0" bev="0" fileid="19" />
                <SequencePoint vc="0" uspid="139" ordinal="6" sl="139" sc="1" el="139" ec="2" bec="0" bev="0" fileid="19" />
                <SequencePoint vc="0" uspid="140" ordinal="7" sl="140" sc="1" el="140" ec="2" bec="0" bev="0" fileid="19" />
                <SequencePoint vc="0" uspid="141" ordinal="8" sl="141" sc="1" el="141" ec="2" bec="0" bev="0" fileid="19" />
                <SequencePoint vc="0" uspid="143" ordinal="9" sl="143" sc="1" el="143" ec="2" bec="0" bev="0" fileid="19" />
                <SequencePoint vc="0" uspid="144" ordinal="10" sl="144" sc="1" el="144" ec="2" bec="0" bev="0" fileid="19" />
              </SequencePoints>
              <BranchPoints>
                <BranchPoint vc="0" uspid="133" ordinal="0" path="0" offset="15" offsetend="17" sl="133" fileid="19" />
                <BranchPoint vc="0" uspid="133" ordinal="1" path="1" offset="15" offsetend="27" sl="133" fileid="19" />
                <BranchPoint vc="0" uspid="137" ordinal="2" path="0" offset="40" offsetend="42" sl="137" fileid="19" />
                <BranchPoint vc="0" uspid="137" ordinal="3" path="1" offset="40" offsetend="84" sl="137" fileid="19" />
              </BranchPoints>
              <MethodPoint vc="0" uspid="0" p8:type="SequencePoint" ordinal="5" offset="5" sc="0" sl="132" ec="1" el="144" bec="0" bev="0" fileid="19" xmlns:p8="xsi" />
            </Method>
            <Method cyclomaticComplexity="4" nPathComplexity="4" sequenceCoverage="75" branchCoverage="50" isConstructor="False" isGetter="False" isSetter="False" isStatic="True">
              <Summary numSequencePoints="16" visitedSequencePoints="12" numBranchPoints="4" visitedBranchPoints="2" sequenceCoverage="75" branchCoverage="50" maxCyclomaticComplexity="4" minCyclomaticComplexity="4" visitedClasses="0" numClasses="0" visitedMethods="1" numMethods="1" />
              <MetadataToken />
              <Name>Microsoft.AspNetCore.Mvc.ActionResult TestingAndCalibrationLabs.Web.UI.Controllers.SampleController::Delete(System.Nullable`1&lt;System.Int32&gt;)</Name>
              <FileRef uid="19" />
              <SequencePoints>
                <SequencePoint vc="1" uspid="152" ordinal="0" sl="152" sc="1" el="152" ec="2" bec="0" bev="0" fileid="19" />
                <SequencePoint vc="1" uspid="153" ordinal="1" sl="153" sc="1" el="153" ec="2" bec="2" bev="1" fileid="19" />
                <SequencePoint vc="0" uspid="154" ordinal="2" sl="154" sc="1" el="154" ec="2" bec="0" bev="0" fileid="19" />
                <SequencePoint vc="0" uspid="155" ordinal="3" sl="155" sc="1" el="155" ec="2" bec="0" bev="0" fileid="19" />
                <SequencePoint vc="1" uspid="157" ordinal="4" sl="157" sc="1" el="157" ec="2" bec="0" bev="0" fileid="19" />
                <SequencePoint vc="1" uspid="158" ordinal="5" sl="158" sc="1" el="158" ec="2" bec="2" bev="1" fileid="19" />
                <SequencePoint vc="0" uspid="159" ordinal="6" sl="159" sc="1" el="159" ec="2" bec="0" bev="0" fileid="19" />
                <SequencePoint vc="0" uspid="160" ordinal="7" sl="160" sc="1" el="160" ec="2" bec="0" bev="0" fileid="19" />
                <SequencePoint vc="1" uspid="162" ordinal="8" sl="162" sc="1" el="162" ec="2" bec="0" bev="0" fileid="19" />
                <SequencePoint vc="1" uspid="163" ordinal="9" sl="163" sc="1" el="163" ec="2" bec="0" bev="0" fileid="19" />
                <SequencePoint vc="1" uspid="164" ordinal="10" sl="164" sc="1" el="164" ec="2" bec="0" bev="0" fileid="19" />
                <SequencePoint vc="1" uspid="165" ordinal="11" sl="165" sc="1" el="165" ec="2" bec="0" bev="0" fileid="19" />
                <SequencePoint vc="1" uspid="166" ordinal="12" sl="166" sc="1" el="166" ec="2" bec="0" bev="0" fileid="19" />
                <SequencePoint vc="1" uspid="167" ordinal="13" sl="167" sc="1" el="167" ec="2" bec="0" bev="0" fileid="19" />
                <SequencePoint vc="1" uspid="168" ordinal="14" sl="168" sc="1" el="168" ec="2" bec="0" bev="0" fileid="19" />
                <SequencePoint vc="1" uspid="169" ordinal="15" sl="169" sc="1" el="169" ec="2" bec="0" bev="0" fileid="19" />
              </SequencePoints>
              <BranchPoints>
                <BranchPoint vc="0" uspid="153" ordinal="0" path="0" offset="13" offsetend="15" sl="153" fileid="19" />
                <BranchPoint vc="1" uspid="153" ordinal="1" path="1" offset="13" offsetend="25" sl="153" fileid="19" />
                <BranchPoint vc="0" uspid="158" ordinal="2" path="0" offset="52" offsetend="54" sl="158" fileid="19" />
                <BranchPoint vc="1" uspid="158" ordinal="3" path="1" offset="52" offsetend="64" sl="158" fileid="19" />
              </BranchPoints>
              <MethodPoint vc="12" uspid="0" p8:type="SequencePoint" ordinal="6" offset="6" sc="0" sl="152" ec="1" el="169" bec="0" bev="0" fileid="19" xmlns:p8="xsi" />
            </Method>
            <Method cyclomaticComplexity="2" nPathComplexity="2" sequenceCoverage="0" branchCoverage="0" isConstructor="False" isGetter="False" isSetter="False" isStatic="True">
              <Summary numSequencePoints="7" visitedSequencePoints="0" numBranchPoints="2" visitedBranchPoints="0" sequenceCoverage="0" branchCoverage="0" maxCyclomaticComplexity="2" minCyclomaticComplexity="2" visitedClasses="0" numClasses="0" visitedMethods="0" numMethods="1" />
              <MetadataToken />
              <Name>Microsoft.AspNetCore.Mvc.ActionResult TestingAndCalibrationLabs.Web.UI.Controllers.SampleController::DeleteConfirmed(System.Nullable`1&lt;System.Int32&gt;)</Name>
              <FileRef uid="19" />
              <SequencePoints>
                <SequencePoint vc="0" uspid="174" ordinal="0" sl="174" sc="1" el="174" ec="2" bec="0" bev="0" fileid="19" />
                <SequencePoint vc="0" uspid="175" ordinal="1" sl="175" sc="1" el="175" ec="2" bec="2" bev="0" fileid="19" />
                <SequencePoint vc="0" uspid="176" ordinal="2" sl="176" sc="1" el="176" ec="2" bec="0" bev="0" fileid="19" />
                <SequencePoint vc="0" uspid="177" ordinal="3" sl="177" sc="1" el="177" ec="2" bec="0" bev="0" fileid="19" />
                <SequencePoint vc="0" uspid="179" ordinal="4" sl="179" sc="1" el="179" ec="2" bec="0" bev="0" fileid="19" />
                <SequencePoint vc="0" uspid="180" ordinal="5" sl="180" sc="1" el="180" ec="2" bec="0" bev="0" fileid="19" />
                <SequencePoint vc="0" uspid="181" ordinal="6" sl="181" sc="1" el="181" ec="2" bec="0" bev="0" fileid="19" />
              </SequencePoints>
              <BranchPoints>
                <BranchPoint vc="0" uspid="175" ordinal="0" path="0" offset="13" offsetend="15" sl="175" fileid="19" />
                <BranchPoint vc="0" uspid="175" ordinal="1" path="1" offset="13" offsetend="25" sl="175" fileid="19" />
              </BranchPoints>
              <MethodPoint vc="0" uspid="0" p8:type="SequencePoint" ordinal="7" offset="7" sc="0" sl="174" ec="1" el="181" bec="0" bev="0" fileid="19" xmlns:p8="xsi" />
            </Method>
            <Method cyclomaticComplexity="1" nPathComplexity="1" sequenceCoverage="100" branchCoverage="100" isConstructor="True" isGetter="False" isSetter="False" isStatic="True">
              <Summary numSequencePoints="6" visitedSequencePoints="6" numBranchPoints="0" visitedBranchPoints="0" sequenceCoverage="100" branchCoverage="100" maxCyclomaticComplexity="1" minCyclomaticComplexity="1" visitedClasses="0" numClasses="0" visitedMethods="1" numMethods="1" />
              <MetadataToken />
              <Name>System.Void TestingAndCalibrationLabs.Web.UI.Controllers.SampleController::.ctor(Microsoft.Extensions.Logging.ILogger`1&lt;TestingAndCalibrationLabs.Web.UI.Controllers.SampleController&gt;,TestingAndCalibrationLabs.Business.Core.Interfaces.ISampleService,AutoMapper.IMapper)</Name>
              <FileRef uid="19" />
              <SequencePoints>
                <SequencePoint vc="4" uspid="26" ordinal="0" sl="26" sc="1" el="26" ec="2" bec="0" bev="0" fileid="19" />
                <SequencePoint vc="4" uspid="27" ordinal="1" sl="27" sc="1" el="27" ec="2" bec="0" bev="0" fileid="19" />
                <SequencePoint vc="4" uspid="28" ordinal="2" sl="28" sc="1" el="28" ec="2" bec="0" bev="0" fileid="19" />
                <SequencePoint vc="4" uspid="29" ordinal="3" sl="29" sc="1" el="29" ec="2" bec="0" bev="0" fileid="19" />
                <SequencePoint vc="4" uspid="30" ordinal="4" sl="30" sc="1" el="30" ec="2" bec="0" bev="0" fileid="19" />
                <SequencePoint vc="4" uspid="31" ordinal="5" sl="31" sc="1" el="31" ec="2" bec="0" bev="0" fileid="19" />
              </SequencePoints>
              <BranchPoints />
              <MethodPoint vc="6" uspid="0" p8:type="SequencePoint" ordinal="8" offset="8" sc="0" sl="26" ec="1" el="31" bec="0" bev="0" fileid="19" xmlns:p8="xsi" />
            </Method>
          </Methods>
        </Class>
      </Classes>
    </Module>
  </Modules>
</CoverageSession>